TN:
SF:src/fs-polyfill.js
FN:6,(anonymous_0)
FN:7,(anonymous_1)
FN:8,(anonymous_2)
FN:9,(anonymous_3)
FN:10,(anonymous_4)
FN:13,(anonymous_5)
FN:17,(anonymous_6)
FN:20,(anonymous_7)
FN:24,(anonymous_8)
FN:27,(anonymous_9)
FN:31,(anonymous_10)
FN:34,(anonymous_11)
FN:35,(anonymous_12)
FN:41,(anonymous_13)
FN:44,(anonymous_14)
FN:45,(anonymous_15)
FN:55,(anonymous_16)
FN:60,(anonymous_17)
FN:62,(anonymous_18)
FN:70,(anonymous_19)
FN:74,(anonymous_20)
FN:78,(anonymous_21)
FN:81,(anonymous_22)
FN:84,(anonymous_23)
FN:88,(anonymous_24)
FN:89,(anonymous_25)
FN:96,(anonymous_26)
FN:96,(anonymous_27)
FN:97,(anonymous_28)
FN:98,(anonymous_29)
FN:125,(anonymous_30)
FN:134,(anonymous_31)
FNF:32
FNH:0
FNDA:0,(anonymous_0)
FNDA:0,(anonymous_1)
FNDA:0,(anonymous_2)
FNDA:0,(anonymous_3)
FNDA:0,(anonymous_4)
FNDA:0,(anonymous_5)
FNDA:0,(anonymous_6)
FNDA:0,(anonymous_7)
FNDA:0,(anonymous_8)
FNDA:0,(anonymous_9)
FNDA:0,(anonymous_10)
FNDA:0,(anonymous_11)
FNDA:0,(anonymous_12)
FNDA:0,(anonymous_13)
FNDA:0,(anonymous_14)
FNDA:0,(anonymous_15)
FNDA:0,(anonymous_16)
FNDA:0,(anonymous_17)
FNDA:0,(anonymous_18)
FNDA:0,(anonymous_19)
FNDA:0,(anonymous_20)
FNDA:0,(anonymous_21)
FNDA:0,(anonymous_22)
FNDA:0,(anonymous_23)
FNDA:0,(anonymous_24)
FNDA:0,(anonymous_25)
FNDA:0,(anonymous_26)
FNDA:0,(anonymous_27)
FNDA:0,(anonymous_28)
FNDA:0,(anonymous_29)
FNDA:0,(anonymous_30)
FNDA:0,(anonymous_31)
DA:6,2
DA:7,2
DA:8,2
DA:9,2
DA:10,2
DA:12,2
DA:14,0
DA:15,0
DA:18,0
DA:21,0
DA:22,0
DA:25,0
DA:28,0
DA:29,0
DA:32,0
DA:33,0
DA:34,0
DA:35,0
DA:42,0
DA:43,0
DA:44,0
DA:45,0
DA:55,0
DA:60,0
DA:62,0
DA:70,0
DA:73,2
DA:75,0
DA:76,0
DA:79,0
DA:82,0
DA:85,0
DA:86,0
DA:88,0
DA:89,0
DA:96,0
DA:97,0
DA:98,0
DA:109,2
DA:121,2
DA:124,2
DA:126,0
DA:127,0
DA:131,0
DA:134,0
DA:136,0
DA:140,2
LF:47
LH:11
BRDA:126,0,0,0
BRDA:126,0,1,0
BRDA:134,1,0,0
BRDA:134,1,1,0
BRDA:134,2,0,0
BRDA:134,2,1,0
BRF:6
BRH:0
end_of_record
TN:
SF:src/ai-agents/config.ts
FN:499,loadConfig
FN:501,(anonymous_1)
FNF:2
FNH:0
FNDA:0,loadConfig
FNDA:0,(anonymous_1)
DA:8,2
DA:9,2
DA:10,2
DA:12,2
DA:13,2
DA:16,0
DA:17,0
DA:18,0
DA:19,0
DA:149,2
DA:215,2
DA:274,2
DA:359,2
DA:467,2
DA:500,0
DA:501,0
DA:502,0
DA:503,0
DA:505,0
DA:506,0
DA:508,0
DA:510,0
DA:526,0
DA:527,0
DA:529,0
LF:25
LH:10
BRDA:8,0,0,2
BRDA:8,0,1,0
BRDA:12,1,0,2
BRDA:12,1,1,0
BRDA:17,2,0,0
BRDA:17,2,1,0
BRDA:500,3,0,0
BRDA:500,3,1,0
BRDA:502,4,0,0
BRDA:502,4,1,0
BRDA:503,5,0,0
BRDA:503,5,1,0
BRDA:503,5,2,0
BRDA:505,6,0,0
BRDA:505,6,1,0
BRDA:506,7,0,0
BRDA:506,7,1,0
BRDA:506,7,2,0
BRDA:508,8,0,0
BRDA:508,8,1,0
BRDA:508,8,2,0
BRDA:511,9,0,0
BRDA:511,9,1,0
BRDA:511,9,2,0
BRDA:512,10,0,0
BRDA:512,10,1,0
BRDA:512,10,2,0
BRDA:514,11,0,0
BRDA:514,11,1,0
BRDA:514,11,2,0
BRDA:514,11,3,0
BRDA:514,11,4,0
BRDA:514,11,5,0
BRDA:514,11,6,0
BRDA:526,12,0,0
BRDA:526,12,1,0
BRDA:527,13,0,0
BRDA:527,13,1,0
BRDA:527,13,2,0
BRDA:544,14,0,0
BRDA:544,14,1,0
BRDA:544,14,2,0
BRDA:545,15,0,0
BRDA:545,15,1,0
BRDA:545,15,2,0
BRDA:546,16,0,0
BRDA:546,16,1,0
BRDA:546,16,2,0
BRDA:551,17,0,0
BRDA:551,17,1,0
BRDA:551,17,2,0
BRDA:552,18,0,0
BRDA:552,18,1,0
BRDA:552,18,2,0
BRDA:553,19,0,0
BRDA:553,19,1,0
BRDA:553,19,2,0
BRDA:560,20,0,0
BRDA:560,20,1,0
BRDA:561,21,0,0
BRDA:561,21,1,0
BRDA:563,22,0,0
BRDA:563,22,1,0
BRDA:564,23,0,0
BRDA:564,23,1,0
BRDA:564,23,2,0
BRDA:565,24,0,0
BRDA:565,24,1,0
BRDA:567,25,0,0
BRDA:567,25,1,0
BRDA:568,26,0,0
BRDA:568,26,1,0
BRDA:569,27,0,0
BRDA:569,27,1,0
BRDA:570,28,0,0
BRDA:570,28,1,0
BRDA:571,29,0,0
BRDA:571,29,1,0
BRDA:571,29,2,0
BRDA:576,30,0,0
BRDA:576,30,1,0
BRDA:577,31,0,0
BRDA:577,31,1,0
BRDA:577,31,2,0
BRDA:578,32,0,0
BRDA:578,32,1,0
BRDA:578,32,2,0
BRDA:578,32,3,0
BRDA:579,33,0,0
BRDA:579,33,1,0
BRDA:579,33,2,0
BRDA:580,34,0,0
BRDA:580,34,1,0
BRDA:580,34,2,0
BRDA:581,35,0,0
BRDA:581,35,1,0
BRDA:581,35,2,0
BRDA:582,36,0,0
BRDA:582,36,1,0
BRDA:582,36,2,0
BRDA:588,37,0,0
BRDA:588,37,1,0
BRDA:588,37,2,0
BRDA:589,38,0,0
BRDA:589,38,1,0
BRDA:589,38,2,0
BRF:106
BRH:2
end_of_record
TN:
SF:src/ai-agents/agents/BaseAgent.ts
FN:42,(anonymous_0)
FN:49,isLlmQuotaError
FN:107,(anonymous_2)
FN:117,(anonymous_3)
FN:123,(anonymous_4)
FN:137,(anonymous_5)
FN:141,(anonymous_6)
FN:148,(anonymous_7)
FN:158,(anonymous_8)
FN:169,(anonymous_9)
FN:191,(anonymous_10)
FN:192,(anonymous_11)
FN:193,(anonymous_12)
FN:211,(anonymous_13)
FN:302,(anonymous_14)
FN:316,(anonymous_15)
FN:325,(anonymous_16)
FN:326,(anonymous_17)
FN:327,(anonymous_18)
FN:330,(anonymous_19)
FN:342,(anonymous_20)
FN:350,(anonymous_21)
FN:426,(anonymous_22)
FN:428,(anonymous_23)
FN:429,(anonymous_24)
FN:438,(anonymous_25)
FN:441,(anonymous_26)
FN:447,(anonymous_27)
FN:510,(anonymous_28)
FN:513,(anonymous_29)
FN:530,(anonymous_30)
FN:532,(anonymous_31)
FN:558,(anonymous_32)
FN:566,(anonymous_33)
FN:578,(anonymous_34)
FN:585,(anonymous_35)
FN:618,(anonymous_36)
FN:623,(anonymous_37)
FN:624,(anonymous_38)
FN:631,(anonymous_39)
FN:636,(anonymous_40)
FN:637,(anonymous_41)
FN:642,(anonymous_42)
FN:693,(anonymous_43)
FN:708,(anonymous_44)
FN:734,(anonymous_45)
FN:810,(anonymous_46)
FN:878,(anonymous_47)
FN:947,(anonymous_48)
FN:1011,(anonymous_49)
FN:1038,(anonymous_50)
FNF:51
FNH:5
FNDA:0,(anonymous_0)
FNDA:0,isLlmQuotaError
FNDA:5,(anonymous_2)
FNDA:17,(anonymous_3)
FNDA:5,(anonymous_4)
FNDA:5,(anonymous_5)
FNDA:0,(anonymous_6)
FNDA:0,(anonymous_7)
FNDA:0,(anonymous_8)
FNDA:17,(anonymous_9)
FNDA:0,(anonymous_10)
FNDA:0,(anonymous_11)
FNDA:0,(anonymous_12)
FNDA:0,(anonymous_13)
FNDA:0,(anonymous_14)
FNDA:0,(anonymous_15)
FNDA:0,(anonymous_16)
FNDA:0,(anonymous_17)
FNDA:0,(anonymous_18)
FNDA:0,(anonymous_19)
FNDA:0,(anonymous_20)
FNDA:0,(anonymous_21)
FNDA:0,(anonymous_22)
FNDA:0,(anonymous_23)
FNDA:0,(anonymous_24)
FNDA:0,(anonymous_25)
FNDA:0,(anonymous_26)
FNDA:0,(anonymous_27)
FNDA:0,(anonymous_28)
FNDA:0,(anonymous_29)
FNDA:0,(anonymous_30)
FNDA:0,(anonymous_31)
FNDA:0,(anonymous_32)
FNDA:0,(anonymous_33)
FNDA:0,(anonymous_34)
FNDA:0,(anonymous_35)
FNDA:0,(anonymous_36)
FNDA:0,(anonymous_37)
FNDA:0,(anonymous_38)
FNDA:0,(anonymous_39)
FNDA:0,(anonymous_40)
FNDA:0,(anonymous_41)
FNDA:0,(anonymous_42)
FNDA:0,(anonymous_43)
FNDA:0,(anonymous_44)
FNDA:0,(anonymous_45)
FNDA:0,(anonymous_46)
FNDA:0,(anonymous_47)
FNDA:0,(anonymous_48)
FNDA:0,(anonymous_49)
FNDA:0,(anonymous_50)
DA:14,5
DA:17,5
DA:20,5
DA:43,0
DA:44,0
DA:45,0
DA:50,0
DA:51,0
DA:52,0
DA:53,0
DA:89,17
DA:94,5
DA:95,5
DA:96,5
DA:97,5
DA:98,5
DA:99,5
DA:100,5
DA:108,0
DA:109,0
DA:118,17
DA:119,17
DA:120,17
DA:124,0
DA:131,0
DA:132,0
DA:133,0
DA:134,0
DA:138,0
DA:142,0
DA:143,0
DA:145,0
DA:146,0
DA:147,0
DA:148,0
DA:151,0
DA:152,0
DA:153,0
DA:154,0
DA:156,0
DA:159,0
DA:160,0
DA:170,17
DA:192,0
DA:193,0
DA:196,0
DA:197,0
DA:198,0
DA:201,0
DA:207,0
DA:208,0
DA:209,0
DA:210,0
DA:211,0
DA:214,0
DA:215,0
DA:216,0
DA:217,0
DA:218,0
DA:220,0
DA:221,0
DA:222,0
DA:223,0
DA:224,0
DA:225,0
DA:226,0
DA:227,0
DA:229,0
DA:232,0
DA:233,0
DA:235,0
DA:236,0
DA:244,0
DA:246,0
DA:247,0
DA:248,0
DA:249,0
DA:252,0
DA:253,0
DA:254,0
DA:265,0
DA:267,0
DA:268,0
DA:269,0
DA:270,0
DA:271,0
DA:275,0
DA:277,0
DA:293,0
DA:294,0
DA:298,0
DA:299,0
DA:300,0
DA:301,0
DA:302,0
DA:303,0
DA:308,0
DA:309,0
DA:310,0
DA:311,0
DA:312,0
DA:313,0
DA:314,0
DA:315,0
DA:316,0
DA:318,0
DA:322,0
DA:326,0
DA:327,0
DA:329,0
DA:330,0
DA:331,0
DA:333,0
DA:343,0
DA:344,0
DA:348,0
DA:351,0
DA:352,0
DA:354,0
DA:363,0
DA:365,0
DA:369,0
DA:370,0
DA:372,0
DA:390,0
DA:392,0
DA:393,0
DA:396,0
DA:397,0
DA:398,0
DA:399,0
DA:405,0
DA:406,0
DA:409,0
DA:410,0
DA:411,0
DA:412,0
DA:413,0
DA:414,0
DA:415,0
DA:416,0
DA:417,0
DA:419,0
DA:421,0
DA:422,0
DA:427,0
DA:428,0
DA:429,0
DA:431,0
DA:437,0
DA:438,0
DA:439,0
DA:441,0
DA:442,0
DA:443,0
DA:445,0
DA:448,0
DA:449,0
DA:450,0
DA:455,0
DA:457,0
DA:461,0
DA:462,0
DA:464,0
DA:466,0
DA:467,0
DA:476,0
DA:493,0
DA:494,0
DA:495,0
DA:496,0
DA:497,0
DA:498,0
DA:500,0
DA:503,0
DA:504,0
DA:505,0
DA:506,0
DA:507,0
DA:509,0
DA:510,0
DA:513,0
DA:514,0
DA:515,0
DA:516,0
DA:517,0
DA:519,0
DA:523,0
DA:524,0
DA:526,0
DA:529,0
DA:530,0
DA:531,0
DA:532,0
DA:533,0
DA:536,0
DA:538,0
DA:539,0
DA:540,0
DA:542,0
DA:543,0
DA:545,0
DA:547,0
DA:553,0
DA:554,0
DA:558,0
DA:559,0
DA:562,0
DA:563,0
DA:567,0
DA:579,0
DA:580,0
DA:583,0
DA:586,0
DA:587,0
DA:588,0
DA:589,0
DA:596,0
DA:603,0
DA:605,0
DA:606,0
DA:609,0
DA:610,0
DA:611,0
DA:613,0
DA:614,0
DA:619,0
DA:620,0
DA:623,0
DA:624,0
DA:625,0
DA:626,0
DA:627,0
DA:628,0
DA:631,0
DA:632,0
DA:633,0
DA:635,0
DA:636,0
DA:637,0
DA:638,0
DA:641,0
DA:642,0
DA:652,0
DA:653,0
DA:658,0
DA:670,0
DA:671,0
DA:672,0
DA:673,0
DA:675,0
DA:676,0
DA:677,0
DA:678,0
DA:679,0
DA:680,0
DA:681,0
DA:684,0
DA:686,0
DA:689,0
DA:690,0
DA:691,0
DA:692,0
DA:693,0
DA:695,0
DA:696,0
DA:698,0
DA:700,0
DA:701,0
DA:710,0
DA:713,0
DA:714,0
DA:716,0
DA:719,0
DA:720,0
DA:721,0
DA:722,0
DA:723,0
DA:726,0
DA:735,0
DA:739,0
DA:740,0
DA:741,0
DA:743,0
DA:744,0
DA:750,0
DA:751,0
DA:752,0
DA:757,0
DA:758,0
DA:759,0
DA:760,0
DA:761,0
DA:762,0
DA:766,0
DA:767,0
DA:768,0
DA:772,0
DA:773,0
DA:777,0
DA:778,0
DA:784,0
DA:785,0
DA:786,0
DA:789,0
DA:790,0
DA:791,0
DA:794,0
DA:795,0
DA:796,0
DA:797,0
DA:798,0
DA:804,0
DA:811,0
DA:815,0
DA:820,0
DA:823,0
DA:824,0
DA:825,0
DA:830,0
DA:831,0
DA:832,0
DA:836,0
DA:837,0
DA:838,0
DA:842,0
DA:843,0
DA:844,0
DA:851,0
DA:852,0
DA:854,0
DA:855,0
DA:856,0
DA:857,0
DA:862,0
DA:865,0
DA:869,0
DA:871,0
DA:880,0
DA:883,0
DA:886,0
DA:889,0
DA:893,0
DA:894,0
DA:896,0
DA:897,0
DA:899,0
DA:900,0
DA:901,0
DA:907,0
DA:908,0
DA:909,0
DA:910,0
DA:911,0
DA:912,0
DA:917,0
DA:919,0
DA:920,0
DA:922,0
DA:924,0
DA:925,0
DA:927,0
DA:928,0
DA:929,0
DA:931,0
DA:932,0
DA:933,0
DA:934,0
DA:940,0
DA:948,0
DA:949,0
DA:950,0
DA:952,0
DA:953,0
DA:955,0
DA:956,0
DA:957,0
DA:960,0
DA:961,0
DA:962,0
DA:965,0
DA:966,0
DA:967,0
DA:970,0
DA:972,0
DA:973,0
DA:974,0
DA:975,0
DA:976,0
DA:978,0
DA:981,0
DA:984,0
DA:985,0
DA:986,0
DA:988,0
DA:989,0
DA:992,0
DA:993,0
DA:999,0
DA:1000,0
DA:1001,0
DA:1002,0
DA:1005,0
DA:1014,0
DA:1017,0
DA:1018,0
DA:1023,0
DA:1024,0
DA:1027,0
DA:1039,0
LF:410
LH:15
BRDA:17,0,0,0
BRDA:17,0,1,5
BRDA:42,1,0,0
BRDA:50,2,0,0
BRDA:50,2,1,0
BRDA:51,3,0,0
BRDA:51,3,1,0
BRDA:51,4,0,0
BRDA:51,4,1,0
BRDA:54,5,0,0
BRDA:54,5,1,0
BRDA:54,5,2,0
BRDA:54,5,3,0
BRDA:108,6,0,0
BRDA:108,6,1,0
BRDA:110,7,0,0
BRDA:110,7,1,0
BRDA:110,7,2,0
BRDA:110,7,3,0
BRDA:127,8,0,0
BRDA:127,8,1,0
BRDA:128,9,0,0
BRDA:128,9,1,0
BRDA:129,10,0,0
BRDA:129,10,1,0
BRDA:142,11,0,0
BRDA:142,11,1,0
BRDA:147,12,0,0
BRDA:147,12,1,0
BRDA:147,13,0,0
BRDA:147,13,1,0
BRDA:191,14,0,0
BRDA:197,15,0,0
BRDA:197,15,1,0
BRDA:197,16,0,0
BRDA:197,16,1,0
BRDA:197,16,2,0
BRDA:202,17,0,0
BRDA:202,17,1,0
BRDA:208,18,0,0
BRDA:208,18,1,0
BRDA:208,19,0,0
BRDA:208,19,1,0
BRDA:221,20,0,0
BRDA:221,20,1,0
BRDA:222,21,0,0
BRDA:222,21,1,0
BRDA:222,22,0,0
BRDA:222,22,1,0
BRDA:224,23,0,0
BRDA:224,23,1,0
BRDA:226,24,0,0
BRDA:226,24,1,0
BRDA:232,25,0,0
BRDA:232,25,1,0
BRDA:246,26,0,0
BRDA:246,26,1,0
BRDA:248,27,0,0
BRDA:248,27,1,0
BRDA:249,28,0,0
BRDA:249,28,1,0
BRDA:265,29,0,0
BRDA:265,29,1,0
BRDA:265,29,2,0
BRDA:265,29,3,0
BRDA:265,29,4,0
BRDA:267,30,0,0
BRDA:267,30,1,0
BRDA:269,31,0,0
BRDA:269,31,1,0
BRDA:275,32,0,0
BRDA:275,32,1,0
BRDA:277,33,0,0
BRDA:277,33,1,0
BRDA:277,33,2,0
BRDA:277,33,3,0
BRDA:277,33,4,0
BRDA:277,33,5,0
BRDA:277,33,6,0
BRDA:277,33,7,0
BRDA:277,33,8,0
BRDA:277,33,9,0
BRDA:277,33,10,0
BRDA:277,33,11,0
BRDA:277,33,12,0
BRDA:277,33,13,0
BRDA:277,33,14,0
BRDA:293,34,0,0
BRDA:293,34,1,0
BRDA:293,35,0,0
BRDA:293,35,1,0
BRDA:298,36,0,0
BRDA:298,36,1,0
BRDA:300,37,0,0
BRDA:300,37,1,0
BRDA:308,38,0,0
BRDA:308,38,1,0
BRDA:308,38,2,0
BRDA:308,38,3,0
BRDA:309,39,0,0
BRDA:309,39,1,0
BRDA:309,39,2,0
BRDA:309,39,3,0
BRDA:310,40,0,0
BRDA:310,40,1,0
BRDA:310,41,0,0
BRDA:310,41,1,0
BRDA:322,42,0,0
BRDA:322,42,1,0
BRDA:329,43,0,0
BRDA:329,43,1,0
BRDA:330,44,0,0
BRDA:330,44,1,0
BRDA:331,45,0,0
BRDA:331,45,1,0
BRDA:337,46,0,0
BRDA:337,46,1,0
BRDA:339,47,0,0
BRDA:339,47,1,0
BRDA:339,48,0,0
BRDA:339,48,1,0
BRDA:343,49,0,0
BRDA:343,49,1,0
BRDA:351,50,0,0
BRDA:351,50,1,0
BRDA:352,51,0,0
BRDA:352,51,1,0
BRDA:365,52,0,0
BRDA:365,52,1,0
BRDA:365,52,2,0
BRDA:365,52,3,0
BRDA:369,53,0,0
BRDA:369,53,1,0
BRDA:369,54,0,0
BRDA:369,54,1,0
BRDA:370,55,0,0
BRDA:370,55,1,0
BRDA:370,56,0,0
BRDA:370,56,1,0
BRDA:378,57,0,0
BRDA:378,57,1,0
BRDA:387,58,0,0
BRDA:387,58,1,0
BRDA:392,59,0,0
BRDA:392,59,1,0
BRDA:398,60,0,0
BRDA:398,60,1,0
BRDA:398,61,0,0
BRDA:398,61,1,0
BRDA:413,62,0,0
BRDA:413,62,1,0
BRDA:414,63,0,0
BRDA:414,63,1,0
BRDA:416,64,0,0
BRDA:416,64,1,0
BRDA:421,65,0,0
BRDA:421,65,1,0
BRDA:431,66,0,0
BRDA:431,66,1,0
BRDA:433,67,0,0
BRDA:433,67,1,0
BRDA:433,68,0,0
BRDA:433,68,1,0
BRDA:438,69,0,0
BRDA:438,69,1,0
BRDA:439,70,0,0
BRDA:439,70,1,0
BRDA:442,71,0,0
BRDA:442,71,1,0
BRDA:448,72,0,0
BRDA:448,72,1,0
BRDA:449,73,0,0
BRDA:449,73,1,0
BRDA:457,74,0,0
BRDA:457,74,1,0
BRDA:457,74,2,0
BRDA:457,74,3,0
BRDA:461,75,0,0
BRDA:461,75,1,0
BRDA:461,76,0,0
BRDA:461,76,1,0
BRDA:462,77,0,0
BRDA:462,77,1,0
BRDA:462,78,0,0
BRDA:462,78,1,0
BRDA:482,79,0,0
BRDA:482,79,1,0
BRDA:494,80,0,0
BRDA:494,80,1,0
BRDA:498,81,0,0
BRDA:498,81,1,0
BRDA:505,82,0,0
BRDA:505,82,1,0
BRDA:506,83,0,0
BRDA:506,83,1,0
BRDA:509,84,0,0
BRDA:509,84,1,0
BRDA:509,85,0,0
BRDA:509,85,1,0
BRDA:513,86,0,0
BRDA:513,86,1,0
BRDA:513,87,0,0
BRDA:513,87,1,0
BRDA:517,88,0,0
BRDA:517,88,1,0
BRDA:517,88,2,0
BRDA:523,89,0,0
BRDA:523,89,1,0
BRDA:526,90,0,0
BRDA:526,90,1,0
BRDA:529,91,0,0
BRDA:529,91,1,0
BRDA:530,92,0,0
BRDA:530,92,1,0
BRDA:530,93,0,0
BRDA:530,93,1,0
BRDA:531,94,0,0
BRDA:531,94,1,0
BRDA:533,95,0,0
BRDA:533,95,1,0
BRDA:540,96,0,0
BRDA:540,96,1,0
BRDA:540,96,2,0
BRDA:545,97,0,0
BRDA:545,97,1,0
BRDA:559,98,0,0
BRDA:559,98,1,0
BRDA:573,99,0,0
BRDA:573,99,1,0
BRDA:579,100,0,0
BRDA:579,100,1,0
BRDA:586,101,0,0
BRDA:586,101,1,0
BRDA:587,102,0,0
BRDA:587,102,1,0
BRDA:588,103,0,0
BRDA:588,103,1,0
BRDA:605,104,0,0
BRDA:605,104,1,0
BRDA:613,105,0,0
BRDA:613,105,1,0
BRDA:619,106,0,0
BRDA:619,106,1,0
BRDA:625,107,0,0
BRDA:625,107,1,0
BRDA:626,108,0,0
BRDA:626,108,1,0
BRDA:632,109,0,0
BRDA:632,109,1,0
BRDA:638,110,0,0
BRDA:638,110,1,0
BRDA:643,111,0,0
BRDA:643,111,1,0
BRDA:652,112,0,0
BRDA:652,112,1,0
BRDA:666,113,0,0
BRDA:666,113,1,0
BRDA:671,114,0,0
BRDA:671,114,1,0
BRDA:672,115,0,0
BRDA:672,115,1,0
BRDA:679,116,0,0
BRDA:679,116,1,0
BRDA:680,117,0,0
BRDA:680,117,1,0
BRDA:680,118,0,0
BRDA:680,118,1,0
BRDA:684,119,0,0
BRDA:684,119,1,0
BRDA:691,120,0,0
BRDA:691,120,1,0
BRDA:693,121,0,0
BRDA:693,121,1,0
BRDA:695,122,0,0
BRDA:695,122,1,0
BRDA:700,123,0,0
BRDA:700,123,1,0
BRDA:740,124,0,0
BRDA:740,124,1,0
BRDA:743,125,0,0
BRDA:743,125,1,0
BRDA:743,126,0,0
BRDA:743,126,1,0
BRDA:751,127,0,0
BRDA:751,127,1,0
BRDA:757,128,0,0
BRDA:757,128,1,0
BRDA:759,129,0,0
BRDA:759,129,1,0
BRDA:761,130,0,0
BRDA:761,130,1,0
BRDA:767,131,0,0
BRDA:767,131,1,0
BRDA:772,132,0,0
BRDA:772,132,1,0
BRDA:772,133,0,0
BRDA:772,133,1,0
BRDA:778,134,0,0
BRDA:778,134,1,0
BRDA:778,135,0,0
BRDA:778,135,1,0
BRDA:784,136,0,0
BRDA:784,136,1,0
BRDA:791,137,0,0
BRDA:791,137,1,0
BRDA:791,138,0,0
BRDA:791,138,1,0
BRDA:794,139,0,0
BRDA:794,139,1,0
BRDA:796,140,0,0
BRDA:796,140,1,0
BRDA:820,141,0,0
BRDA:820,141,1,0
BRDA:820,142,0,0
BRDA:820,142,1,0
BRDA:823,143,0,0
BRDA:823,143,1,0
BRDA:830,144,0,0
BRDA:830,144,1,0
BRDA:836,145,0,0
BRDA:836,145,1,0
BRDA:842,146,0,0
BRDA:842,146,1,0
BRDA:852,147,0,0
BRDA:852,147,1,0
BRDA:855,148,0,0
BRDA:855,148,1,0
BRDA:855,149,0,0
BRDA:855,149,1,0
BRDA:883,150,0,0
BRDA:883,150,1,0
BRDA:883,151,0,0
BRDA:883,151,1,0
BRDA:883,151,2,0
BRDA:883,151,3,0
BRDA:883,151,4,0
BRDA:883,151,5,0
BRDA:883,151,6,0
BRDA:894,152,0,0
BRDA:894,152,1,0
BRDA:897,153,0,0
BRDA:897,153,1,0
BRDA:910,154,0,0
BRDA:910,154,1,0
BRDA:910,155,0,0
BRDA:910,155,1,0
BRDA:910,155,2,0
BRDA:917,156,0,0
BRDA:917,156,1,0
BRDA:917,157,0,0
BRDA:917,157,1,0
BRDA:922,158,0,0
BRDA:922,158,1,0
BRDA:925,159,0,0
BRDA:925,159,1,0
BRDA:928,160,0,0
BRDA:928,160,1,0
BRDA:928,160,2,0
BRDA:931,161,0,0
BRDA:931,161,1,0
BRDA:955,162,0,0
BRDA:955,162,1,0
BRDA:960,163,0,0
BRDA:960,163,1,0
BRDA:960,164,0,0
BRDA:960,164,1,0
BRDA:965,165,0,0
BRDA:965,165,1,0
BRDA:970,166,0,0
BRDA:970,166,1,0
BRDA:972,167,0,0
BRDA:972,167,1,0
BRDA:972,168,0,0
BRDA:972,168,1,0
BRDA:974,169,0,0
BRDA:974,169,1,0
BRDA:975,170,0,0
BRDA:975,170,1,0
BRDA:975,171,0,0
BRDA:975,171,1,0
BRDA:978,172,0,0
BRDA:978,172,1,0
BRDA:981,173,0,0
BRDA:981,173,1,0
BRDA:981,174,0,0
BRDA:981,174,1,0
BRDA:985,175,0,0
BRDA:985,175,1,0
BRDA:992,176,0,0
BRDA:992,176,1,0
BRDA:992,177,0,0
BRDA:992,177,1,0
BRDA:1002,178,0,0
BRDA:1002,178,1,0
BRDA:1017,179,0,0
BRDA:1017,179,1,0
BRDA:1023,180,0,0
BRDA:1023,180,1,0
BRF:398
BRH:1
end_of_record
TN:
SF:src/ai-agents/agents/BlueprintGrowthCritic.ts
FN:56,(anonymous_0)
FN:61,(anonymous_1)
FN:66,(anonymous_2)
FN:67,(anonymous_3)
FN:141,(anonymous_4)
FNF:5
FNH:3
FNDA:1,(anonymous_0)
FNDA:1,(anonymous_1)
FNDA:0,(anonymous_2)
FNDA:0,(anonymous_3)
FNDA:5,(anonymous_4)
DA:57,1
DA:58,1
DA:62,1
DA:67,0
DA:68,0
DA:69,0
DA:70,0
DA:71,0
DA:72,0
DA:73,0
DA:76,0
DA:84,0
DA:120,0
DA:121,0
DA:122,0
DA:124,0
DA:125,0
DA:128,0
DA:133,0
DA:142,5
DA:143,5
DA:144,5
DA:145,3
DA:148,3
LF:24
LH:8
BRDA:68,0,0,0
BRDA:68,0,1,0
BRDA:69,1,0,0
BRDA:69,1,1,0
BRDA:70,2,0,0
BRDA:70,2,1,0
BRDA:71,3,0,0
BRDA:71,3,1,0
BRDA:72,4,0,0
BRDA:72,4,1,0
BRDA:76,5,0,0
BRDA:76,5,1,0
BRDA:79,6,0,0
BRDA:79,6,1,0
BRDA:87,7,0,0
BRDA:87,7,1,0
BRDA:124,8,0,0
BRDA:124,8,1,0
BRDA:135,9,0,0
BRDA:135,9,1,0
BRDA:144,10,0,3
BRDA:144,10,1,2
BRF:22
BRH:2
end_of_record
TN:
SF:src/ai-agents/agents/ChoiceAuthor.ts
FN:142,(anonymous_0)
FN:169,(anonymous_1)
FN:296,(anonymous_2)
FN:326,(anonymous_3)
FN:363,(anonymous_4)
FN:575,(anonymous_5)
FN:588,(anonymous_6)
FN:590,(anonymous_7)
FN:599,(anonymous_8)
FN:603,(anonymous_9)
FN:607,(anonymous_10)
FN:613,(anonymous_11)
FN:667,(anonymous_12)
FN:803,(anonymous_13)
FN:857,(anonymous_14)
FN:880,(anonymous_15)
FN:881,(anonymous_16)
FN:893,(anonymous_17)
FN:909,(anonymous_18)
FN:925,(anonymous_19)
FN:926,(anonymous_20)
FN:989,(anonymous_21)
FN:1034,(anonymous_22)
FN:1057,(anonymous_23)
FN:1058,(anonymous_24)
FN:1063,(anonymous_25)
FN:1064,(anonymous_26)
FN:1076,(anonymous_27)
FN:1077,(anonymous_28)
FN:1094,(anonymous_29)
FN:1095,(anonymous_30)
FN:1104,(anonymous_31)
FN:1112,(anonymous_32)
FN:1125,(anonymous_33)
FN:1142,(anonymous_34)
FN:1149,(anonymous_35)
FN:1166,(anonymous_36)
FN:1167,(anonymous_37)
FN:1179,(anonymous_38)
FN:1186,(anonymous_39)
FNF:40
FNH:13
FNDA:2,(anonymous_0)
FNDA:2,(anonymous_1)
FNDA:0,(anonymous_2)
FNDA:0,(anonymous_3)
FNDA:4,(anonymous_4)
FNDA:4,(anonymous_5)
FNDA:0,(anonymous_6)
FNDA:0,(anonymous_7)
FNDA:0,(anonymous_8)
FNDA:0,(anonymous_9)
FNDA:0,(anonymous_10)
FNDA:0,(anonymous_11)
FNDA:0,(anonymous_12)
FNDA:8,(anonymous_13)
FNDA:16,(anonymous_14)
FNDA:3,(anonymous_15)
FNDA:0,(anonymous_16)
FNDA:0,(anonymous_17)
FNDA:10,(anonymous_18)
FNDA:3,(anonymous_19)
FNDA:0,(anonymous_20)
FNDA:14,(anonymous_21)
FNDA:0,(anonymous_22)
FNDA:3,(anonymous_23)
FNDA:0,(anonymous_24)
FNDA:3,(anonymous_25)
FNDA:0,(anonymous_26)
FNDA:3,(anonymous_27)
FNDA:0,(anonymous_28)
FNDA:0,(anonymous_29)
FNDA:0,(anonymous_30)
FNDA:0,(anonymous_31)
FNDA:0,(anonymous_32)
FNDA:0,(anonymous_33)
FNDA:0,(anonymous_34)
FNDA:0,(anonymous_35)
FNDA:0,(anonymous_36)
FNDA:0,(anonymous_37)
FNDA:0,(anonymous_38)
FNDA:0,(anonymous_39)
DA:128,2
DA:143,2
DA:144,2
DA:145,2
DA:146,2
DA:149,2
DA:157,2
DA:166,2
DA:170,2
DA:297,0
DA:299,0
DA:301,0
DA:302,0
DA:306,0
DA:309,0
DA:310,0
DA:312,0
DA:313,0
DA:318,0
DA:320,0
DA:323,0
DA:326,0
DA:327,0
DA:328,0
DA:331,0
DA:332,0
DA:333,0
DA:335,0
DA:337,0
DA:338,0
DA:339,0
DA:340,0
DA:342,0
DA:348,0
DA:354,0
DA:355,0
DA:356,0
DA:365,4
DA:370,4
DA:371,4
DA:372,4
DA:376,4
DA:378,4
DA:380,0
DA:382,4
DA:383,0
DA:387,4
DA:388,0
DA:389,4
DA:390,0
DA:394,4
DA:395,1
DA:398,1
DA:399,1
DA:401,1
DA:402,1
DA:403,1
DA:404,1
DA:406,1
DA:419,1
DA:420,1
DA:425,4
DA:426,1
DA:427,1
DA:431,4
DA:432,11
DA:435,11
DA:436,0
DA:438,11
DA:439,0
DA:440,11
DA:442,0
DA:443,0
DA:447,11
DA:448,11
DA:453,11
DA:455,0
DA:456,0
DA:457,0
DA:461,11
DA:462,10
DA:468,10
DA:469,10
DA:473,11
DA:474,10
DA:475,10
DA:481,11
DA:482,0
DA:487,11
DA:489,11
DA:490,0
DA:492,11
DA:493,0
DA:497,11
DA:498,1
DA:499,0
DA:501,1
DA:502,0
DA:504,1
DA:505,0
DA:509,11
DA:510,11
DA:513,11
DA:514,11
DA:520,0
DA:521,0
DA:523,0
DA:524,0
DA:528,11
DA:529,11
DA:535,0
DA:536,0
DA:538,0
DA:539,0
DA:541,0
DA:542,0
DA:546,11
DA:547,1
DA:552,4
DA:553,0
DA:558,0
DA:561,4
DA:562,0
DA:564,4
DA:565,0
DA:567,4
DA:568,0
DA:572,4
DA:576,4
DA:578,0
DA:580,2
DA:582,0
DA:584,2
DA:589,0
DA:591,0
DA:592,0
DA:593,0
DA:594,0
DA:598,0
DA:599,0
DA:602,0
DA:603,0
DA:606,0
DA:607,0
DA:610,0
DA:611,0
DA:612,0
DA:613,0
DA:616,0
DA:626,0
DA:628,0
DA:667,0
DA:804,8
DA:814,8
DA:817,8
DA:818,1
DA:821,7
DA:822,1
DA:826,6
DA:827,16
DA:830,16
DA:831,0
DA:832,0
DA:836,16
DA:837,0
DA:838,0
DA:841,16
DA:844,16
DA:845,0
DA:846,0
DA:850,16
DA:851,0
DA:852,0
DA:857,16
DA:858,6
DA:859,6
DA:860,1
DA:866,5
DA:867,1
DA:868,3
DA:869,0
DA:873,0
DA:879,5
DA:880,1
DA:881,3
DA:883,1
DA:884,1
DA:892,5
DA:893,0
DA:894,0
DA:898,0
DA:899,0
DA:908,5
DA:909,10
DA:910,4
DA:911,3
DA:914,3
DA:915,3
DA:916,3
DA:924,5
DA:925,1
DA:926,3
DA:928,1
DA:929,1
DA:938,5
DA:939,0
DA:940,0
DA:941,0
DA:942,0
DA:943,0
DA:944,0
DA:945,0
DA:950,0
DA:960,5
DA:961,8
DA:962,0
DA:963,0
DA:964,0
DA:965,0
DA:966,0
DA:970,0
DA:976,5
DA:977,5
DA:978,14
DA:979,0
DA:980,0
DA:984,0
DA:989,14
DA:990,5
DA:991,1
DA:993,1
DA:994,0
DA:996,0
DA:997,0
DA:998,0
DA:1002,1
DA:1003,1
DA:1004,1
DA:1006,1
DA:1007,1
DA:1009,1
DA:1010,1
DA:1014,1
DA:1015,3
DA:1016,0
DA:1017,0
DA:1018,0
DA:1022,3
DA:1023,3
DA:1031,1
DA:1032,3
DA:1033,0
DA:1034,0
DA:1036,0
DA:1038,0
DA:1039,0
DA:1044,3
DA:1046,3
DA:1055,5
DA:1057,1
DA:1058,3
DA:1059,0
DA:1063,1
DA:1064,3
DA:1065,0
DA:1071,1
DA:1072,1
DA:1076,1
DA:1077,3
DA:1078,0
DA:1081,1
DA:1082,1
DA:1095,0
DA:1096,0
DA:1105,0
DA:1106,0
DA:1109,0
DA:1112,0
DA:1120,0
DA:1121,0
DA:1122,0
DA:1123,0
DA:1125,0
DA:1128,0
DA:1129,0
DA:1130,0
DA:1133,0
DA:1137,0
DA:1138,0
DA:1142,0
DA:1146,0
DA:1148,0
DA:1149,0
DA:1150,0
DA:1151,0
DA:1152,0
DA:1156,0
DA:1157,0
DA:1158,0
DA:1159,0
DA:1160,0
DA:1163,0
DA:1166,0
DA:1167,0
DA:1172,0
DA:1173,0
DA:1184,0
DA:1186,0
DA:1187,0
DA:1189,0
DA:1241,0
DA:1242,0
DA:1246,0
DA:1249,0
DA:1250,0
DA:1252,0
DA:1253,0
DA:1261,0
DA:1264,0
DA:1266,0
DA:1267,0
DA:1273,0
DA:1274,0
LF:323
LH:145
BRDA:150,0,0,2
BRDA:150,0,1,2
BRDA:151,1,0,2
BRDA:151,1,1,2
BRDA:152,2,0,2
BRDA:152,2,1,2
BRDA:158,3,0,2
BRDA:158,3,1,2
BRDA:159,4,0,2
BRDA:159,4,1,2
BRDA:160,5,0,2
BRDA:160,5,1,2
BRDA:161,6,0,2
BRDA:161,6,1,2
BRDA:166,7,0,2
BRDA:166,7,1,2
BRDA:183,8,0,2
BRDA:183,8,1,2
BRDA:184,9,0,2
BRDA:184,9,1,2
BRDA:185,10,0,2
BRDA:185,10,1,2
BRDA:186,11,0,2
BRDA:186,11,1,2
BRDA:216,12,0,2
BRDA:216,12,1,2
BRDA:217,13,0,2
BRDA:217,13,1,2
BRDA:217,14,0,2
BRDA:217,14,1,2
BRDA:320,15,0,0
BRDA:320,15,1,0
BRDA:327,16,0,0
BRDA:327,16,1,0
BRDA:327,17,0,0
BRDA:327,17,1,0
BRDA:331,18,0,0
BRDA:331,18,1,0
BRDA:335,19,0,0
BRDA:335,19,1,0
BRDA:335,20,0,0
BRDA:335,20,1,0
BRDA:338,21,0,0
BRDA:338,21,1,0
BRDA:354,22,0,0
BRDA:354,22,1,0
BRDA:365,23,0,4
BRDA:365,23,1,0
BRDA:378,24,0,0
BRDA:378,24,1,4
BRDA:380,25,0,0
BRDA:380,25,1,0
BRDA:382,26,0,0
BRDA:382,26,1,4
BRDA:387,27,0,0
BRDA:387,27,1,4
BRDA:389,28,0,0
BRDA:389,28,1,4
BRDA:394,29,0,1
BRDA:394,29,1,3
BRDA:398,30,0,1
BRDA:398,30,1,0
BRDA:399,31,0,1
BRDA:399,31,1,0
BRDA:403,32,0,1
BRDA:403,32,1,0
BRDA:404,33,0,1
BRDA:404,33,1,1
BRDA:409,34,0,1
BRDA:409,34,1,0
BRDA:420,35,0,1
BRDA:420,35,1,0
BRDA:425,36,0,1
BRDA:425,36,1,3
BRDA:435,37,0,0
BRDA:435,37,1,11
BRDA:438,38,0,0
BRDA:438,38,1,11
BRDA:440,39,0,0
BRDA:440,39,1,11
BRDA:443,40,0,0
BRDA:443,40,1,0
BRDA:447,41,0,11
BRDA:447,41,1,0
BRDA:447,42,0,11
BRDA:447,42,1,0
BRDA:455,43,0,0
BRDA:455,43,1,0
BRDA:456,44,0,0
BRDA:456,44,1,0
BRDA:457,45,0,0
BRDA:457,45,1,0
BRDA:461,46,0,10
BRDA:461,46,1,1
BRDA:461,47,0,11
BRDA:461,47,1,10
BRDA:468,48,0,10
BRDA:468,48,1,0
BRDA:473,49,0,10
BRDA:473,49,1,1
BRDA:473,50,0,11
BRDA:473,50,1,10
BRDA:481,51,0,0
BRDA:481,51,1,11
BRDA:481,52,0,11
BRDA:481,52,1,11
BRDA:489,53,0,0
BRDA:489,53,1,11
BRDA:489,54,0,11
BRDA:489,54,1,11
BRDA:492,55,0,0
BRDA:492,55,1,11
BRDA:497,56,0,1
BRDA:497,56,1,10
BRDA:498,57,0,0
BRDA:498,57,1,1
BRDA:501,58,0,0
BRDA:501,58,1,1
BRDA:504,59,0,0
BRDA:504,59,1,1
BRDA:509,60,0,11
BRDA:509,60,1,0
BRDA:510,61,0,11
BRDA:510,61,1,4
BRDA:513,62,0,11
BRDA:513,62,1,0
BRDA:514,63,0,11
BRDA:514,63,1,11
BRDA:517,64,0,1
BRDA:517,64,1,10
BRDA:520,65,0,0
BRDA:520,65,1,0
BRDA:521,66,0,0
BRDA:521,66,1,0
BRDA:523,67,0,0
BRDA:523,67,1,0
BRDA:524,68,0,0
BRDA:524,68,1,0
BRDA:528,69,0,11
BRDA:528,69,1,0
BRDA:532,70,0,4
BRDA:532,70,1,7
BRDA:532,71,0,11
BRDA:532,71,1,11
BRDA:535,72,0,0
BRDA:535,72,1,0
BRDA:538,73,0,0
BRDA:538,73,1,0
BRDA:541,74,0,0
BRDA:541,74,1,0
BRDA:542,75,0,0
BRDA:542,75,1,0
BRDA:542,76,0,0
BRDA:542,76,1,0
BRDA:546,77,0,1
BRDA:546,77,1,10
BRDA:546,78,0,11
BRDA:546,78,1,1
BRDA:546,78,2,1
BRDA:552,79,0,0
BRDA:552,79,1,4
BRDA:561,80,0,0
BRDA:561,80,1,4
BRDA:564,81,0,0
BRDA:564,81,1,4
BRDA:567,82,0,0
BRDA:567,82,1,4
BRDA:576,83,0,0
BRDA:576,83,1,2
BRDA:576,83,2,0
BRDA:576,83,3,2
BRDA:592,84,0,0
BRDA:592,84,1,0
BRDA:593,85,0,0
BRDA:593,85,1,0
BRDA:611,86,0,0
BRDA:611,86,1,0
BRDA:637,87,0,0
BRDA:637,87,1,0
BRDA:637,88,0,0
BRDA:637,88,1,0
BRDA:637,89,0,0
BRDA:637,89,1,0
BRDA:656,90,0,0
BRDA:656,90,1,0
BRDA:657,91,0,0
BRDA:657,91,1,0
BRDA:657,92,0,0
BRDA:657,92,1,0
BRDA:658,93,0,0
BRDA:658,93,1,0
BRDA:659,94,0,0
BRDA:659,94,1,0
BRDA:659,95,0,0
BRDA:659,95,1,0
BRDA:659,96,0,0
BRDA:659,96,1,0
BRDA:660,97,0,0
BRDA:660,97,1,0
BRDA:668,98,0,0
BRDA:668,98,1,0
BRDA:675,99,0,0
BRDA:675,99,1,0
BRDA:681,100,0,0
BRDA:681,100,1,0
BRDA:688,101,0,0
BRDA:688,101,1,0
BRDA:691,102,0,0
BRDA:691,102,1,0
BRDA:751,103,0,0
BRDA:751,103,1,0
BRDA:794,104,0,0
BRDA:794,104,1,0
BRDA:808,105,0,8
BRDA:808,105,1,8
BRDA:817,106,0,1
BRDA:817,106,1,7
BRDA:821,107,0,1
BRDA:821,107,1,6
BRDA:830,108,0,0
BRDA:830,108,1,16
BRDA:836,109,0,0
BRDA:836,109,1,16
BRDA:841,110,0,16
BRDA:841,110,1,0
BRDA:844,111,0,0
BRDA:844,111,1,16
BRDA:845,112,0,0
BRDA:845,112,1,0
BRDA:850,113,0,0
BRDA:850,113,1,16
BRDA:859,114,0,1
BRDA:859,114,1,5
BRDA:866,115,0,1
BRDA:866,115,1,4
BRDA:868,116,0,0
BRDA:868,116,1,3
BRDA:879,117,0,1
BRDA:879,117,1,4
BRDA:883,118,0,1
BRDA:883,118,1,0
BRDA:892,119,0,0
BRDA:892,119,1,5
BRDA:894,120,0,0
BRDA:894,120,1,0
BRDA:894,120,2,0
BRDA:898,121,0,0
BRDA:898,121,1,0
BRDA:908,122,0,4
BRDA:908,122,1,1
BRDA:908,123,0,5
BRDA:908,123,1,3
BRDA:908,123,2,2
BRDA:910,124,0,3
BRDA:910,124,1,1
BRDA:911,125,0,1
BRDA:911,125,1,2
BRDA:912,126,0,1
BRDA:912,126,1,1
BRDA:914,127,0,1
BRDA:914,127,1,2
BRDA:924,128,0,1
BRDA:924,128,1,4
BRDA:928,129,0,1
BRDA:928,129,1,0
BRDA:938,130,0,0
BRDA:938,130,1,5
BRDA:939,131,0,0
BRDA:939,131,1,0
BRDA:941,132,0,0
BRDA:941,132,1,0
BRDA:942,133,0,0
BRDA:942,133,1,0
BRDA:960,134,0,5
BRDA:960,134,1,5
BRDA:961,135,0,0
BRDA:961,135,1,8
BRDA:964,136,0,0
BRDA:964,136,1,0
BRDA:964,137,0,0
BRDA:964,137,1,0
BRDA:978,138,0,0
BRDA:978,138,1,14
BRDA:979,139,0,0
BRDA:979,139,1,0
BRDA:982,140,0,0
BRDA:982,140,1,0
BRDA:990,141,0,1
BRDA:990,141,1,4
BRDA:990,142,0,5
BRDA:990,142,1,4
BRDA:993,143,0,0
BRDA:993,143,1,1
BRDA:993,144,0,1
BRDA:993,144,1,1
BRDA:993,144,2,1
BRDA:996,145,0,0
BRDA:996,145,1,0
BRDA:997,146,0,0
BRDA:997,146,1,0
BRDA:998,147,0,0
BRDA:998,147,1,0
BRDA:1003,148,0,1
BRDA:1003,148,1,0
BRDA:1006,149,0,1
BRDA:1006,149,1,0
BRDA:1009,150,0,1
BRDA:1009,150,1,0
BRDA:1015,151,0,0
BRDA:1015,151,1,3
BRDA:1017,152,0,0
BRDA:1017,152,1,0
BRDA:1017,153,0,0
BRDA:1017,153,1,0
BRDA:1017,153,2,0
BRDA:1022,154,0,3
BRDA:1022,154,1,0
BRDA:1022,155,0,3
BRDA:1022,155,1,0
BRDA:1022,155,2,3
BRDA:1032,156,0,0
BRDA:1032,156,1,3
BRDA:1032,157,0,3
BRDA:1032,157,1,3
BRDA:1038,158,0,0
BRDA:1038,158,1,0
BRDA:1044,159,0,3
BRDA:1044,159,1,0
BRDA:1055,160,0,1
BRDA:1055,160,1,4
BRDA:1059,161,0,0
BRDA:1059,161,1,0
BRDA:1059,161,2,0
BRDA:1059,161,3,0
BRDA:1065,162,0,0
BRDA:1065,162,1,0
BRDA:1065,162,2,0
BRDA:1065,162,3,0
BRDA:1071,163,0,1
BRDA:1071,163,1,0
BRDA:1071,164,0,1
BRDA:1071,164,1,1
BRDA:1078,165,0,0
BRDA:1078,165,1,0
BRDA:1081,166,0,1
BRDA:1081,166,1,0
BRDA:1095,167,0,0
BRDA:1095,167,1,0
BRDA:1121,168,0,0
BRDA:1121,168,1,0
BRDA:1121,169,0,0
BRDA:1121,169,1,0
BRDA:1121,169,2,0
BRDA:1122,170,0,0
BRDA:1122,170,1,0
BRDA:1129,171,0,0
BRDA:1129,171,1,0
BRDA:1142,172,0,0
BRDA:1142,172,1,0
BRDA:1148,173,0,0
BRDA:1148,173,1,0
BRDA:1156,174,0,0
BRDA:1156,174,1,0
BRDA:1156,175,0,0
BRDA:1156,175,1,0
BRDA:1156,175,2,0
BRDA:1157,176,0,0
BRDA:1157,176,1,0
BRDA:1164,177,0,0
BRDA:1164,177,1,0
BRF:370
BRH:162
end_of_record
TN:
SF:src/ai-agents/agents/EncounterArchitect.ts
FN:609,(anonymous_0)
FN:613,(anonymous_1)
FN:618,(anonymous_2)
FN:903,(anonymous_3)
FN:951,(anonymous_4)
FN:962,(anonymous_5)
FN:969,(anonymous_6)
FN:971,(anonymous_7)
FN:1030,(anonymous_8)
FN:1037,(anonymous_9)
FN:1064,(anonymous_10)
FN:1067,(anonymous_11)
FN:1074,(anonymous_12)
FN:1078,(anonymous_13)
FN:1083,(anonymous_14)
FN:1084,(anonymous_15)
FN:1085,(anonymous_16)
FN:1087,(anonymous_17)
FN:1088,(anonymous_18)
FN:1091,(anonymous_19)
FN:1278,(anonymous_20)
FN:1401,(anonymous_21)
FN:1481,(anonymous_22)
FN:1509,(anonymous_23)
FN:1551,(anonymous_24)
FN:1594,(anonymous_25)
FN:1606,(anonymous_26)
FN:1688,(anonymous_27)
FN:1717,(anonymous_28)
FN:1733,(anonymous_29)
FN:1738,(anonymous_30)
FN:1740,(anonymous_31)
FN:1745,(anonymous_32)
FN:1778,(anonymous_33)
FN:1832,(anonymous_34)
FN:1845,(anonymous_35)
FN:1872,(anonymous_36)
FN:1903,(anonymous_37)
FN:2045,(anonymous_38)
FN:2047,(anonymous_39)
FN:2055,(anonymous_40)
FN:2059,(anonymous_41)
FN:2096,(anonymous_42)
FN:2115,(anonymous_43)
FN:2117,(anonymous_44)
FN:2118,(anonymous_45)
FN:2123,(anonymous_46)
FN:2128,(anonymous_47)
FN:2135,(anonymous_48)
FN:2145,(anonymous_49)
FN:2586,(anonymous_50)
FN:2608,(anonymous_51)
FN:2779,(anonymous_52)
FN:2800,(anonymous_53)
FN:2820,(anonymous_54)
FN:2842,(anonymous_55)
FN:2855,(anonymous_56)
FN:2905,(anonymous_57)
FN:2914,(anonymous_58)
FN:2937,(anonymous_59)
FN:2938,(anonymous_60)
FN:2945,(anonymous_61)
FN:2951,(anonymous_62)
FN:2962,(anonymous_63)
FN:2977,(anonymous_64)
FN:2979,(anonymous_65)
FN:2989,(anonymous_66)
FN:2992,(anonymous_67)
FN:2995,(anonymous_68)
FN:3062,(anonymous_69)
FN:3068,(anonymous_70)
FN:3078,(anonymous_71)
FN:3084,(anonymous_72)
FN:3151,(anonymous_73)
FN:3153,(anonymous_74)
FN:3163,(anonymous_75)
FN:3165,(anonymous_76)
FN:3166,(anonymous_77)
FN:3171,(anonymous_78)
FN:3227,(anonymous_79)
FN:3229,(anonymous_80)
FN:3239,(anonymous_81)
FN:3240,(anonymous_82)
FN:3324,(anonymous_83)
FN:3333,(anonymous_84)
FN:3334,(anonymous_85)
FN:3384,(anonymous_86)
FN:3400,(anonymous_87)
FN:3411,(anonymous_88)
FN:3428,(anonymous_89)
FN:3458,(anonymous_90)
FN:3465,(anonymous_91)
FN:3496,(anonymous_92)
FNF:93
FNH:53
FNDA:3,(anonymous_0)
FNDA:10,(anonymous_1)
FNDA:11,(anonymous_2)
FNDA:0,(anonymous_3)
FNDA:0,(anonymous_4)
FNDA:0,(anonymous_5)
FNDA:0,(anonymous_6)
FNDA:0,(anonymous_7)
FNDA:0,(anonymous_8)
FNDA:0,(anonymous_9)
FNDA:2,(anonymous_10)
FNDA:2,(anonymous_11)
FNDA:6,(anonymous_12)
FNDA:6,(anonymous_13)
FNDA:0,(anonymous_14)
FNDA:0,(anonymous_15)
FNDA:0,(anonymous_16)
FNDA:0,(anonymous_17)
FNDA:0,(anonymous_18)
FNDA:0,(anonymous_19)
FNDA:2,(anonymous_20)
FNDA:2,(anonymous_21)
FNDA:4,(anonymous_22)
FNDA:4,(anonymous_23)
FNDA:4,(anonymous_24)
FNDA:1,(anonymous_25)
FNDA:0,(anonymous_26)
FNDA:2,(anonymous_27)
FNDA:54,(anonymous_28)
FNDA:4,(anonymous_29)
FNDA:2,(anonymous_30)
FNDA:2,(anonymous_31)
FNDA:20,(anonymous_32)
FNDA:0,(anonymous_33)
FNDA:4,(anonymous_34)
FNDA:50,(anonymous_35)
FNDA:4,(anonymous_36)
FNDA:3,(anonymous_37)
FNDA:1,(anonymous_38)
FNDA:1,(anonymous_39)
FNDA:3,(anonymous_40)
FNDA:0,(anonymous_41)
FNDA:3,(anonymous_42)
FNDA:0,(anonymous_43)
FNDA:0,(anonymous_44)
FNDA:0,(anonymous_45)
FNDA:0,(anonymous_46)
FNDA:0,(anonymous_47)
FNDA:0,(anonymous_48)
FNDA:0,(anonymous_49)
FNDA:0,(anonymous_50)
FNDA:0,(anonymous_51)
FNDA:2,(anonymous_52)
FNDA:20,(anonymous_53)
FNDA:2,(anonymous_54)
FNDA:2,(anonymous_55)
FNDA:2,(anonymous_56)
FNDA:0,(anonymous_57)
FNDA:0,(anonymous_58)
FNDA:0,(anonymous_59)
FNDA:0,(anonymous_60)
FNDA:0,(anonymous_61)
FNDA:0,(anonymous_62)
FNDA:0,(anonymous_63)
FNDA:0,(anonymous_64)
FNDA:0,(anonymous_65)
FNDA:1,(anonymous_66)
FNDA:1,(anonymous_67)
FNDA:3,(anonymous_68)
FNDA:0,(anonymous_69)
FNDA:0,(anonymous_70)
FNDA:1,(anonymous_71)
FNDA:1,(anonymous_72)
FNDA:0,(anonymous_73)
FNDA:0,(anonymous_74)
FNDA:1,(anonymous_75)
FNDA:1,(anonymous_76)
FNDA:1,(anonymous_77)
FNDA:3,(anonymous_78)
FNDA:0,(anonymous_79)
FNDA:0,(anonymous_80)
FNDA:1,(anonymous_81)
FNDA:1,(anonymous_82)
FNDA:9,(anonymous_83)
FNDA:27,(anonymous_84)
FNDA:26,(anonymous_85)
FNDA:81,(anonymous_86)
FNDA:81,(anonymous_87)
FNDA:81,(anonymous_88)
FNDA:243,(anonymous_89)
FNDA:3,(anonymous_90)
FNDA:1,(anonymous_91)
FNDA:8,(anonymous_92)
DA:610,3
DA:614,10
DA:615,10
DA:619,11
DA:901,1
DA:908,0
DA:910,0
DA:911,0
DA:913,0
DA:914,0
DA:918,0
DA:929,0
DA:931,0
DA:932,0
DA:933,0
DA:934,0
DA:936,0
DA:937,0
DA:939,0
DA:940,0
DA:941,0
DA:942,0
DA:943,0
DA:944,0
DA:946,0
DA:947,0
DA:960,0
DA:961,0
DA:962,0
DA:964,0
DA:965,0
DA:969,0
DA:970,0
DA:971,0
DA:972,0
DA:975,0
DA:980,0
DA:981,0
DA:983,0
DA:988,0
DA:989,0
DA:991,0
DA:992,0
DA:993,0
DA:994,0
DA:997,0
DA:998,0
DA:1000,0
DA:1001,0
DA:1002,0
DA:1003,0
DA:1004,0
DA:1007,0
DA:1008,0
DA:1010,0
DA:1011,0
DA:1013,0
DA:1015,0
DA:1016,0
DA:1017,0
DA:1018,0
DA:1019,0
DA:1020,0
DA:1022,0
DA:1031,0
DA:1038,0
DA:1039,0
DA:1048,0
DA:1065,2
DA:1066,2
DA:1067,2
DA:1070,2
DA:1071,2
DA:1072,2
DA:1073,2
DA:1074,6
DA:1077,2
DA:1078,6
DA:1081,2
DA:1084,0
DA:1085,0
DA:1086,0
DA:1087,0
DA:1088,0
DA:1089,0
DA:1091,0
DA:1094,2
DA:1279,2
DA:1280,2
DA:1281,2
DA:1282,2
DA:1283,2
DA:1284,2
DA:1285,2
DA:1287,2
DA:1378,2
DA:1403,2
DA:1404,0
DA:1408,2
DA:1409,0
DA:1411,2
DA:1412,1
DA:1416,2
DA:1417,0
DA:1423,2
DA:1424,0
DA:1432,2
DA:1433,0
DA:1440,2
DA:1441,0
DA:1442,2
DA:1443,0
DA:1447,2
DA:1448,0
DA:1452,2
DA:1453,4
DA:1454,4
DA:1455,0
DA:1457,4
DA:1458,0
DA:1459,0
DA:1460,0
DA:1461,0
DA:1463,4
DA:1464,0
DA:1466,4
DA:1467,0
DA:1469,4
DA:1470,0
DA:1474,4
DA:1475,4
DA:1477,4
DA:1478,4
DA:1481,4
DA:1482,4
DA:1483,12
DA:1484,0
DA:1487,12
DA:1488,36
DA:1489,36
DA:1491,0
DA:1492,0
DA:1493,0
DA:1498,12
DA:1499,36
DA:1500,36
DA:1501,0
DA:1507,4
DA:1509,4
DA:1510,4
DA:1511,12
DA:1512,12
DA:1513,36
DA:1514,36
DA:1515,36
DA:1516,2
DA:1522,36
DA:1523,36
DA:1528,36
DA:1529,2
DA:1531,36
DA:1532,0
DA:1533,0
DA:1535,0
DA:1541,4
DA:1545,4
DA:1546,0
DA:1550,2
DA:1551,4
DA:1559,2
DA:1560,1
DA:1566,1
DA:1567,0
DA:1569,1
DA:1570,0
DA:1572,1
DA:1573,0
DA:1577,2
DA:1578,2
DA:1588,2
DA:1589,1
DA:1593,2
DA:1594,1
DA:1606,1
DA:1620,2
DA:1621,1
DA:1634,2
DA:1635,1
DA:1644,2
DA:1645,1
DA:1647,2
DA:1648,1
DA:1650,2
DA:1651,1
DA:1657,2
DA:1659,2
DA:1660,6
DA:1661,6
DA:1662,1
DA:1665,6
DA:1666,6
DA:1667,10
DA:1668,1
DA:1670,10
DA:1671,10
DA:1673,10
DA:1674,3
DA:1675,3
DA:1680,2
DA:1689,2
DA:1690,2
DA:1691,4
DA:1694,2
DA:1696,2
DA:1697,4
DA:1698,4
DA:1699,12
DA:1700,12
DA:1701,36
DA:1702,36
DA:1705,36
DA:1707,18
DA:1708,36
DA:1710,18
DA:1711,18
DA:1714,18
DA:1717,54
DA:1724,36
DA:1725,36
DA:1730,2
DA:1732,2
DA:1733,4
DA:1734,2
DA:1740,2
DA:1743,2
DA:1745,2
DA:1749,20
DA:1751,20
DA:1752,60
DA:1753,60
DA:1754,180
DA:1755,180
DA:1757,180
DA:1758,18
DA:1759,18
DA:1760,0
DA:1761,0
DA:1763,18
DA:1764,18
DA:1765,18
DA:1766,162
DA:1767,162
DA:1772,20
DA:1775,2
DA:1783,0
DA:1784,0
DA:1789,0
DA:1794,0
DA:1800,0
DA:1814,0
DA:1824,0
DA:1825,0
DA:1826,0
DA:1829,0
DA:1833,4
DA:1835,2
DA:1837,0
DA:1839,0
DA:1841,2
DA:1849,50
DA:1850,50
DA:1851,50
DA:1852,50
DA:1877,4
DA:1878,4
DA:1887,4
DA:1889,4
DA:1892,4
DA:1907,3
DA:1914,3
DA:1915,1
DA:1948,2
DA:1949,1
DA:1977,1
DA:1978,1
DA:1986,1
DA:2018,0
DA:2046,1
DA:2048,1
DA:2049,1
DA:2050,1
DA:2054,1
DA:2055,3
DA:2058,1
DA:2059,0
DA:2062,1
DA:2069,1
DA:2096,3
DA:2116,0
DA:2117,0
DA:2118,0
DA:2120,0
DA:2121,0
DA:2122,0
DA:2123,0
DA:2125,0
DA:2126,0
DA:2127,0
DA:2128,0
DA:2131,0
DA:2133,0
DA:2136,0
DA:2137,0
DA:2138,0
DA:2143,0
DA:2145,0
DA:2148,0
DA:2587,0
DA:2588,0
DA:2590,0
DA:2591,0
DA:2592,0
DA:2594,0
DA:2608,0
DA:2780,2
DA:2782,2
DA:2783,0
DA:2789,2
DA:2790,2
DA:2791,2
DA:2792,0
DA:2800,2
DA:2801,20
DA:2802,60
DA:2803,60
DA:2804,180
DA:2805,180
DA:2806,18
DA:2807,18
DA:2808,0
DA:2810,18
DA:2815,2
DA:2816,2
DA:2820,2
DA:2821,2
DA:2822,0
DA:2823,0
DA:2827,2
DA:2828,0
DA:2829,0
DA:2830,0
DA:2832,2
DA:2833,0
DA:2834,0
DA:2836,2
DA:2837,0
DA:2838,0
DA:2842,2
DA:2843,2
DA:2844,2
DA:2845,2
DA:2846,0
DA:2848,2
DA:2849,0
DA:2855,2
DA:2856,2
DA:2857,2
DA:2858,2
DA:2862,2
DA:2863,2
DA:2864,2
DA:2865,2
DA:2866,2
DA:2867,0
DA:2868,0
DA:2869,0
DA:2870,0
DA:2872,0
DA:2873,0
DA:2880,2
DA:2910,0
DA:2911,0
DA:2914,0
DA:2917,0
DA:2920,0
DA:2921,0
DA:2925,0
DA:2926,0
DA:2927,0
DA:2929,0
DA:2930,0
DA:2931,0
DA:2932,0
DA:2933,0
DA:2937,0
DA:2938,0
DA:2939,0
DA:2940,0
DA:2944,0
DA:2946,0
DA:2947,0
DA:2951,0
DA:2952,0
DA:2953,0
DA:2956,0
DA:2962,0
DA:2965,0
DA:2966,0
DA:2967,0
DA:2969,0
DA:2970,0
DA:2972,0
DA:2978,0
DA:2979,0
DA:2980,0
DA:2981,0
DA:2982,0
DA:2983,0
DA:2985,0
DA:2990,1
DA:2991,1
DA:2992,1
DA:2994,1
DA:2995,3
DA:2998,1
DA:3002,1
DA:3067,0
DA:3068,0
DA:3069,0
DA:3070,0
DA:3071,0
DA:3072,0
DA:3074,0
DA:3083,1
DA:3084,1
DA:3087,1
DA:3091,1
DA:3152,0
DA:3153,0
DA:3154,0
DA:3155,0
DA:3156,0
DA:3157,0
DA:3159,0
DA:3164,1
DA:3165,1
DA:3166,1
DA:3167,1
DA:3169,1
DA:3171,3
DA:3173,1
DA:3228,0
DA:3229,0
DA:3230,0
DA:3231,0
DA:3232,0
DA:3233,0
DA:3235,0
DA:3240,1
DA:3241,1
DA:3245,1
DA:3333,9
DA:3334,27
DA:3335,27
DA:3350,9
DA:3351,3
DA:3354,9
DA:3365,9
DA:3367,9
DA:3390,81
DA:3397,81
DA:3398,27
DA:3400,81
DA:3404,81
DA:3415,81
DA:3433,243
DA:3435,243
DA:3436,1
DA:3437,2
DA:3438,2
DA:3439,2
DA:3444,243
DA:3463,3
DA:3464,1
DA:3465,1
DA:3466,1
DA:3467,1
DA:3476,3
DA:3477,1
DA:3478,1
DA:3497,8
LF:491
LH:271
BRDA:913,0,0,0
BRDA:913,0,1,0
BRDA:932,1,0,0
BRDA:932,1,1,0
BRDA:932,2,0,0
BRDA:932,2,1,0
BRDA:937,3,0,0
BRDA:937,3,1,0
BRDA:937,4,0,0
BRDA:937,4,1,0
BRDA:946,5,0,0
BRDA:946,5,1,0
BRDA:965,6,0,0
BRDA:965,6,1,0
BRDA:965,7,0,0
BRDA:965,7,1,0
BRDA:970,8,0,0
BRDA:970,8,1,0
BRDA:971,9,0,0
BRDA:971,9,1,0
BRDA:971,10,0,0
BRDA:971,10,1,0
BRDA:991,11,0,0
BRDA:991,11,1,0
BRDA:997,12,0,0
BRDA:997,12,1,0
BRDA:1000,13,0,0
BRDA:1000,13,1,0
BRDA:1011,14,0,0
BRDA:1011,14,1,0
BRDA:1015,15,0,0
BRDA:1015,15,1,0
BRDA:1016,16,0,0
BRDA:1016,16,1,0
BRDA:1018,17,0,0
BRDA:1018,17,1,0
BRDA:1019,18,0,0
BRDA:1019,18,1,0
BRDA:1050,19,0,0
BRDA:1050,19,1,0
BRDA:1065,20,0,2
BRDA:1065,20,1,0
BRDA:1070,21,0,2
BRDA:1070,21,1,0
BRDA:1071,22,0,2
BRDA:1071,22,1,0
BRDA:1072,23,0,2
BRDA:1072,23,1,0
BRDA:1077,24,0,2
BRDA:1077,24,1,0
BRDA:1077,25,0,2
BRDA:1077,25,1,2
BRDA:1081,26,0,0
BRDA:1081,26,1,2
BRDA:1087,27,0,0
BRDA:1087,27,1,0
BRDA:1088,28,0,0
BRDA:1088,28,1,0
BRDA:1088,29,0,0
BRDA:1088,29,1,0
BRDA:1091,30,0,0
BRDA:1091,30,1,0
BRDA:1091,31,0,0
BRDA:1091,31,1,0
BRDA:1092,32,0,0
BRDA:1092,32,1,0
BRDA:1101,33,0,2
BRDA:1101,33,1,0
BRDA:1103,34,0,2
BRDA:1103,34,1,0
BRDA:1109,35,0,0
BRDA:1109,35,1,2
BRDA:1114,36,0,2
BRDA:1114,36,1,0
BRDA:1117,37,0,2
BRDA:1117,37,1,2
BRDA:1118,38,0,2
BRDA:1118,38,1,2
BRDA:1132,39,0,2
BRDA:1132,39,1,0
BRDA:1237,40,0,2
BRDA:1237,40,1,2
BRDA:1248,41,0,2
BRDA:1248,41,1,2
BRDA:1259,42,0,2
BRDA:1259,42,1,2
BRDA:1279,43,0,2
BRDA:1279,43,1,0
BRDA:1281,44,0,2
BRDA:1281,44,1,0
BRDA:1282,45,0,2
BRDA:1282,45,1,0
BRDA:1283,46,0,2
BRDA:1283,46,1,0
BRDA:1284,47,0,2
BRDA:1284,47,1,0
BRDA:1285,48,0,2
BRDA:1285,48,1,0
BRDA:1285,48,2,0
BRDA:1385,49,0,2
BRDA:1385,49,1,0
BRDA:1393,50,0,2
BRDA:1393,50,1,0
BRDA:1403,51,0,0
BRDA:1403,51,1,2
BRDA:1408,52,0,0
BRDA:1408,52,1,2
BRDA:1411,53,0,1
BRDA:1411,53,1,1
BRDA:1416,54,0,0
BRDA:1416,54,1,2
BRDA:1423,55,0,0
BRDA:1423,55,1,2
BRDA:1432,56,0,0
BRDA:1432,56,1,2
BRDA:1440,57,0,0
BRDA:1440,57,1,2
BRDA:1442,58,0,0
BRDA:1442,58,1,2
BRDA:1447,59,0,0
BRDA:1447,59,1,2
BRDA:1454,60,0,0
BRDA:1454,60,1,4
BRDA:1457,61,0,0
BRDA:1457,61,1,4
BRDA:1458,62,0,0
BRDA:1458,62,1,0
BRDA:1459,63,0,0
BRDA:1459,63,1,0
BRDA:1460,64,0,0
BRDA:1460,64,1,0
BRDA:1463,65,0,0
BRDA:1463,65,1,4
BRDA:1466,66,0,0
BRDA:1466,66,1,4
BRDA:1469,67,0,0
BRDA:1469,67,1,4
BRDA:1474,68,0,4
BRDA:1474,68,1,0
BRDA:1477,69,0,4
BRDA:1477,69,1,0
BRDA:1478,70,0,4
BRDA:1478,70,1,0
BRDA:1481,71,0,4
BRDA:1482,72,0,4
BRDA:1482,72,1,0
BRDA:1483,73,0,0
BRDA:1483,73,1,12
BRDA:1489,74,0,36
BRDA:1489,74,1,0
BRDA:1500,75,0,0
BRDA:1500,75,1,36
BRDA:1509,76,0,4
BRDA:1510,77,0,4
BRDA:1510,77,1,0
BRDA:1511,78,0,0
BRDA:1511,78,1,12
BRDA:1514,79,0,0
BRDA:1514,79,1,36
BRDA:1515,80,0,2
BRDA:1515,80,1,34
BRDA:1515,81,0,36
BRDA:1515,81,1,18
BRDA:1515,81,2,2
BRDA:1522,82,0,36
BRDA:1522,82,1,0
BRDA:1525,83,0,12
BRDA:1525,83,1,24
BRDA:1525,84,0,12
BRDA:1525,84,1,12
BRDA:1528,85,0,2
BRDA:1528,85,1,34
BRDA:1528,86,0,36
BRDA:1528,86,1,2
BRDA:1528,86,2,2
BRDA:1531,87,0,0
BRDA:1531,87,1,36
BRDA:1532,88,0,0
BRDA:1532,88,1,0
BRDA:1545,89,0,0
BRDA:1545,89,1,4
BRDA:1545,90,0,4
BRDA:1545,90,1,0
BRDA:1550,91,0,2
BRDA:1550,91,1,0
BRDA:1559,92,0,1
BRDA:1559,92,1,1
BRDA:1566,93,0,0
BRDA:1566,93,1,1
BRDA:1569,94,0,0
BRDA:1569,94,1,1
BRDA:1572,95,0,0
BRDA:1572,95,1,1
BRDA:1577,96,0,2
BRDA:1577,96,1,0
BRDA:1578,97,0,2
BRDA:1578,97,1,1
BRDA:1580,98,0,1
BRDA:1580,98,1,0
BRDA:1588,99,0,1
BRDA:1588,99,1,1
BRDA:1593,100,0,1
BRDA:1593,100,1,1
BRDA:1597,101,0,1
BRDA:1597,101,1,0
BRDA:1608,102,0,0
BRDA:1608,102,1,0
BRDA:1609,103,0,0
BRDA:1609,103,1,0
BRDA:1610,104,0,0
BRDA:1610,104,1,0
BRDA:1611,105,0,0
BRDA:1611,105,1,0
BRDA:1611,106,0,0
BRDA:1611,106,1,0
BRDA:1612,107,0,0
BRDA:1612,107,1,0
BRDA:1612,108,0,0
BRDA:1612,108,1,0
BRDA:1613,109,0,0
BRDA:1613,109,1,0
BRDA:1613,110,0,0
BRDA:1613,110,1,0
BRDA:1614,111,0,0
BRDA:1614,111,1,0
BRDA:1615,112,0,0
BRDA:1615,112,1,0
BRDA:1620,113,0,1
BRDA:1620,113,1,1
BRDA:1634,114,0,1
BRDA:1634,114,1,1
BRDA:1644,115,0,1
BRDA:1644,115,1,1
BRDA:1647,116,0,1
BRDA:1647,116,1,1
BRDA:1650,117,0,1
BRDA:1650,117,1,1
BRDA:1659,118,0,2
BRDA:1659,118,1,0
BRDA:1660,119,0,0
BRDA:1660,119,1,6
BRDA:1661,120,0,1
BRDA:1661,120,1,5
BRDA:1661,121,0,6
BRDA:1661,121,1,2
BRDA:1662,122,0,1
BRDA:1662,122,1,0
BRDA:1665,123,0,0
BRDA:1665,123,1,6
BRDA:1667,124,0,1
BRDA:1667,124,1,9
BRDA:1667,125,0,10
BRDA:1667,125,1,3
BRDA:1670,126,0,10
BRDA:1670,126,1,0
BRDA:1673,127,0,3
BRDA:1673,127,1,7
BRDA:1673,128,0,10
BRDA:1673,128,1,3
BRDA:1673,128,2,3
BRDA:1675,129,0,3
BRDA:1675,129,1,0
BRDA:1697,130,0,0
BRDA:1697,130,1,4
BRDA:1699,131,0,0
BRDA:1699,131,1,12
BRDA:1702,132,0,0
BRDA:1702,132,1,36
BRDA:1705,133,0,18
BRDA:1705,133,1,18
BRDA:1705,134,0,36
BRDA:1705,134,1,36
BRDA:1707,135,0,18
BRDA:1707,135,1,0
BRDA:1708,136,0,0
BRDA:1708,136,1,36
BRDA:1711,137,0,0
BRDA:1711,137,1,18
BRDA:1715,138,0,18
BRDA:1715,138,1,0
BRDA:1717,139,0,36
BRDA:1717,139,1,0
BRDA:1720,140,0,36
BRDA:1720,140,1,0
BRDA:1720,141,0,0
BRDA:1720,141,1,0
BRDA:1730,142,0,2
BRDA:1730,142,1,0
BRDA:1732,143,0,2
BRDA:1732,143,1,0
BRDA:1740,144,0,2
BRDA:1740,144,1,0
BRDA:1743,145,0,0
BRDA:1743,145,1,2
BRDA:1751,146,0,20
BRDA:1751,146,1,0
BRDA:1752,147,0,0
BRDA:1752,147,1,60
BRDA:1755,148,0,0
BRDA:1755,148,1,180
BRDA:1757,149,0,18
BRDA:1757,149,1,162
BRDA:1758,150,0,18
BRDA:1758,150,1,0
BRDA:1759,151,0,0
BRDA:1759,151,1,18
BRDA:1766,152,0,162
BRDA:1766,152,1,0
BRDA:1766,153,0,162
BRDA:1766,153,1,0
BRDA:1766,153,2,0
BRDA:1783,154,0,0
BRDA:1783,154,1,0
BRDA:1802,155,0,0
BRDA:1802,155,1,0
BRDA:1802,156,0,0
BRDA:1802,156,1,0
BRDA:1824,157,0,0
BRDA:1824,157,1,0
BRDA:1833,158,0,2
BRDA:1833,158,1,0
BRDA:1833,158,2,0
BRDA:1833,158,3,2
BRDA:1849,159,0,50
BRDA:1849,159,1,0
BRDA:1853,160,0,50
BRDA:1853,160,1,0
BRDA:1854,161,0,3
BRDA:1854,161,1,47
BRDA:1855,162,0,30
BRDA:1855,162,1,20
BRDA:1858,163,0,8
BRDA:1858,163,1,42
BRDA:1861,164,0,1
BRDA:1861,164,1,49
BRDA:1862,165,0,30
BRDA:1862,165,1,20
BRDA:1863,166,0,3
BRDA:1863,166,1,47
BRDA:1864,167,0,8
BRDA:1864,167,1,42
BRDA:1865,168,0,8
BRDA:1865,168,1,42
BRDA:1866,169,0,30
BRDA:1866,169,1,20
BRDA:1867,170,0,50
BRDA:1867,170,1,0
BRDA:1877,171,0,4
BRDA:1877,171,1,4
BRDA:1878,172,0,4
BRDA:1878,172,1,4
BRDA:1878,172,2,4
BRDA:1878,172,3,4
BRDA:1878,172,4,4
BRDA:1878,172,5,4
BRDA:1878,172,6,4
BRDA:1878,172,7,4
BRDA:1878,172,8,4
BRDA:1887,173,0,4
BRDA:1887,173,1,4
BRDA:1888,174,0,0
BRDA:1888,174,1,4
BRDA:1888,175,0,4
BRDA:1888,175,1,2
BRDA:1888,176,0,1
BRDA:1888,176,1,3
BRDA:1888,177,0,4
BRDA:1888,177,1,2
BRDA:1889,178,0,4
BRDA:1889,178,1,4
BRDA:1890,179,0,0
BRDA:1890,179,1,4
BRDA:1890,180,0,0
BRDA:1890,180,1,4
BRDA:1896,181,0,4
BRDA:1896,181,1,4
BRDA:1896,181,2,0
BRDA:1897,182,0,4
BRDA:1897,182,1,4
BRDA:1897,182,2,0
BRDA:1914,183,0,1
BRDA:1914,183,1,2
BRDA:1948,184,0,1
BRDA:1948,184,1,1
BRDA:1977,185,0,1
BRDA:1977,185,1,0
BRDA:2049,186,0,0
BRDA:2049,186,1,1
BRDA:2058,187,0,1
BRDA:2058,187,1,1
BRDA:2076,188,0,0
BRDA:2076,188,1,1
BRDA:2076,189,0,0
BRDA:2076,189,1,1
BRDA:2082,190,0,1
BRDA:2082,190,1,0
BRDA:2086,191,0,1
BRDA:2086,191,1,0
BRDA:2088,192,0,1
BRDA:2088,192,1,0
BRDA:2089,193,0,1
BRDA:2089,193,1,0
BRDA:2089,194,0,1
BRDA:2089,194,1,0
BRDA:2090,195,0,1
BRDA:2090,195,1,0
BRDA:2090,196,0,1
BRDA:2090,196,1,0
BRDA:2095,197,0,1
BRDA:2095,197,1,0
BRDA:2095,198,0,1
BRDA:2095,198,1,1
BRDA:2101,199,0,0
BRDA:2101,199,1,1
BRDA:2106,200,0,1
BRDA:2106,200,1,0
BRDA:2112,201,0,1
BRDA:2112,201,1,1
BRDA:2113,202,0,1
BRDA:2113,202,1,1
BRDA:2115,203,0,0
BRDA:2115,203,1,1
BRDA:2121,204,0,0
BRDA:2121,204,1,0
BRDA:2125,205,0,0
BRDA:2125,205,1,0
BRDA:2126,206,0,0
BRDA:2126,206,1,0
BRDA:2131,207,0,0
BRDA:2131,207,1,0
BRDA:2133,208,0,0
BRDA:2133,208,1,0
BRDA:2136,209,0,0
BRDA:2136,209,1,0
BRDA:2137,210,0,0
BRDA:2137,210,1,0
BRDA:2143,211,0,0
BRDA:2143,211,1,0
BRDA:2164,212,0,1
BRDA:2164,212,1,0
BRDA:2443,213,0,1
BRDA:2443,213,1,1
BRDA:2473,214,0,1
BRDA:2473,214,1,1
BRDA:2497,215,0,1
BRDA:2497,215,1,1
BRDA:2587,216,0,0
BRDA:2587,216,1,0
BRDA:2588,217,0,0
BRDA:2588,217,1,0
BRDA:2588,217,2,0
BRDA:2590,218,0,0
BRDA:2590,218,1,0
BRDA:2591,219,0,0
BRDA:2591,219,1,0
BRDA:2592,220,0,0
BRDA:2592,220,1,0
BRDA:2601,221,0,0
BRDA:2601,221,1,0
BRDA:2604,222,0,0
BRDA:2604,222,1,0
BRDA:2605,223,0,0
BRDA:2605,223,1,0
BRDA:2605,224,0,0
BRDA:2605,224,1,0
BRDA:2607,225,0,0
BRDA:2607,225,1,0
BRDA:2607,226,0,0
BRDA:2607,226,1,0
BRDA:2736,227,0,0
BRDA:2736,227,1,0
BRDA:2747,228,0,0
BRDA:2747,228,1,0
BRDA:2758,229,0,0
BRDA:2758,229,1,0
BRDA:2782,230,0,0
BRDA:2782,230,1,2
BRDA:2782,231,0,2
BRDA:2782,231,1,2
BRDA:2790,232,0,2
BRDA:2790,232,1,0
BRDA:2791,233,0,0
BRDA:2791,233,1,2
BRDA:2802,234,0,0
BRDA:2802,234,1,60
BRDA:2805,235,0,18
BRDA:2805,235,1,162
BRDA:2807,236,0,0
BRDA:2807,236,1,18
BRDA:2816,237,0,2
BRDA:2816,237,1,0
BRDA:2821,238,0,0
BRDA:2821,238,1,2
BRDA:2827,239,0,0
BRDA:2827,239,1,2
BRDA:2829,240,0,0
BRDA:2829,240,1,0
BRDA:2832,241,0,0
BRDA:2832,241,1,2
BRDA:2836,242,0,0
BRDA:2836,242,1,2
BRDA:2844,243,0,2
BRDA:2844,243,1,0
BRDA:2845,244,0,0
BRDA:2845,244,1,2
BRDA:2845,245,0,2
BRDA:2845,245,1,0
BRDA:2848,246,0,0
BRDA:2848,246,1,2
BRDA:2848,247,0,2
BRDA:2848,247,1,0
BRDA:2856,248,0,2
BRDA:2856,248,1,0
BRDA:2864,249,0,2
BRDA:2864,249,1,0
BRDA:2866,250,0,0
BRDA:2866,250,1,2
BRDA:2868,251,0,0
BRDA:2868,251,1,0
BRDA:2869,252,0,0
BRDA:2869,252,1,0
BRDA:2883,253,0,2
BRDA:2883,253,1,0
BRDA:2883,254,0,2
BRDA:2883,254,1,0
BRDA:2883,255,0,0
BRDA:2883,255,1,2
BRDA:2884,256,0,2
BRDA:2884,256,1,2
BRDA:2885,257,0,2
BRDA:2885,257,1,1
BRDA:2886,258,0,2
BRDA:2886,258,1,1
BRDA:2918,259,0,0
BRDA:2918,259,1,0
BRDA:2929,260,0,0
BRDA:2929,260,1,0
BRDA:2939,261,0,0
BRDA:2939,261,1,0
BRDA:2944,262,0,0
BRDA:2944,262,1,0
BRDA:2946,263,0,0
BRDA:2946,263,1,0
BRDA:2952,264,0,0
BRDA:2952,264,1,0
BRDA:2962,265,0,0
BRDA:2962,265,1,0
BRDA:2962,266,0,0
BRDA:2962,266,1,0
BRDA:2962,267,0,0
BRDA:2962,267,1,0
BRDA:2990,268,0,1
BRDA:2990,268,1,0
BRDA:2998,269,0,1
BRDA:2998,269,1,0
BRDA:3009,270,0,1
BRDA:3009,270,1,0
BRDA:3011,271,0,1
BRDA:3011,271,1,0
BRDA:3019,272,0,1
BRDA:3019,272,1,0
BRDA:3087,273,0,0
BRDA:3087,273,1,1
BRDA:3182,274,0,1
BRDA:3182,274,1,0
BRDA:3184,275,0,1
BRDA:3184,275,1,0
BRDA:3185,276,0,1
BRDA:3185,276,1,0
BRDA:3241,277,0,1
BRDA:3241,277,1,0
BRDA:3249,278,0,1
BRDA:3249,278,1,0
BRDA:3250,279,0,1
BRDA:3250,279,1,0
BRDA:3279,280,0,1
BRDA:3279,280,1,1
BRDA:3294,281,0,1
BRDA:3294,281,1,1
BRDA:3308,282,0,1
BRDA:3308,282,1,1
BRDA:3339,283,0,27
BRDA:3339,283,1,18
BRDA:3350,284,0,3
BRDA:3350,284,1,6
BRDA:3361,285,0,1
BRDA:3361,285,1,8
BRDA:3365,286,0,9
BRDA:3365,286,1,8
BRDA:3368,287,0,9
BRDA:3368,287,1,0
BRDA:3369,288,0,9
BRDA:3369,288,1,0
BRDA:3371,289,0,9
BRDA:3371,289,1,0
BRDA:3372,290,0,9
BRDA:3372,290,1,0
BRDA:3373,291,0,9
BRDA:3373,291,1,0
BRDA:3397,292,0,27
BRDA:3397,292,1,54
BRDA:3435,293,0,1
BRDA:3435,293,1,242
BRDA:3438,294,0,2
BRDA:3438,294,1,0
BRDA:3449,295,0,243
BRDA:3449,295,1,0
BRDA:3451,296,0,1
BRDA:3451,296,1,242
BRDA:3463,297,0,1
BRDA:3463,297,1,2
BRDA:3466,298,0,1
BRDA:3466,298,1,0
BRDA:3476,299,0,1
BRDA:3476,299,1,2
BRF:615
BRH:306
end_of_record
TN:
SF:src/ai-agents/agents/GrowthNarrativeCritic.ts
FN:42,(anonymous_0)
FN:47,(anonymous_1)
FN:52,(anonymous_2)
FN:60,(anonymous_3)
FN:63,(anonymous_4)
FN:66,(anonymous_5)
FN:135,(anonymous_6)
FNF:7
FNH:4
FNDA:2,(anonymous_0)
FNDA:2,(anonymous_1)
FNDA:1,(anonymous_2)
FNDA:0,(anonymous_3)
FNDA:0,(anonymous_4)
FNDA:0,(anonymous_5)
FNDA:2,(anonymous_6)
DA:43,2
DA:44,2
DA:48,2
DA:53,1
DA:54,1
DA:60,0
DA:61,0
DA:62,0
DA:63,0
DA:65,0
DA:66,0
DA:67,0
DA:68,0
DA:69,0
DA:71,0
DA:72,0
DA:76,0
DA:79,0
DA:114,0
DA:115,0
DA:116,0
DA:118,0
DA:119,0
DA:122,0
DA:127,0
DA:136,2
DA:137,2
DA:138,2
DA:139,1
DA:142,1
LF:30
LH:10
BRDA:53,0,0,1
BRDA:53,0,1,0
BRDA:62,1,0,0
BRDA:62,1,1,0
BRDA:65,2,0,0
BRDA:65,2,1,0
BRDA:68,3,0,0
BRDA:68,3,1,0
BRDA:71,4,0,0
BRDA:71,4,1,0
BRDA:72,5,0,0
BRDA:72,5,1,0
BRDA:118,6,0,0
BRDA:118,6,1,0
BRDA:129,7,0,0
BRDA:129,7,1,0
BRDA:138,8,0,1
BRDA:138,8,1,1
BRF:18
BRH:3
end_of_record
TN:
SF:src/ai-agents/agents/SceneWriter.ts
FN:157,(anonymous_0)
FN:170,(anonymous_1)
FN:357,(anonymous_2)
FN:392,(anonymous_3)
FN:395,(anonymous_4)
FN:437,(anonymous_5)
FN:506,(anonymous_6)
FN:527,(anonymous_7)
FN:541,(anonymous_8)
FN:563,(anonymous_9)
FN:565,(anonymous_10)
FN:667,(anonymous_11)
FN:676,(anonymous_12)
FN:719,(anonymous_13)
FN:728,(anonymous_14)
FN:757,(anonymous_15)
FN:777,(anonymous_16)
FN:785,(anonymous_17)
FN:829,(anonymous_18)
FN:833,(anonymous_19)
FN:835,(anonymous_20)
FN:836,(anonymous_21)
FN:845,(anonymous_22)
FN:856,(anonymous_23)
FN:859,(anonymous_24)
FN:899,(anonymous_25)
FN:971,(anonymous_26)
FN:980,(anonymous_27)
FN:986,(anonymous_28)
FN:988,(anonymous_29)
FN:1042,(anonymous_30)
FN:1104,(anonymous_31)
FN:1145,(anonymous_32)
FN:1170,(anonymous_33)
FN:1179,(anonymous_34)
FN:1187,(anonymous_35)
FN:1195,(anonymous_36)
FN:1212,(anonymous_37)
FN:1226,(anonymous_38)
FN:1238,(anonymous_39)
FN:1254,(anonymous_40)
FN:1292,(anonymous_41)
FN:1312,(anonymous_42)
FN:1326,(anonymous_43)
FN:1357,(anonymous_44)
FN:1393,(anonymous_45)
FNF:46
FNH:19
FNDA:1,(anonymous_0)
FNDA:1,(anonymous_1)
FNDA:0,(anonymous_2)
FNDA:0,(anonymous_3)
FNDA:0,(anonymous_4)
FNDA:1,(anonymous_5)
FNDA:0,(anonymous_6)
FNDA:0,(anonymous_7)
FNDA:0,(anonymous_8)
FNDA:3,(anonymous_9)
FNDA:3,(anonymous_10)
FNDA:1,(anonymous_11)
FNDA:0,(anonymous_12)
FNDA:1,(anonymous_13)
FNDA:5,(anonymous_14)
FNDA:2,(anonymous_15)
FNDA:6,(anonymous_16)
FNDA:1,(anonymous_17)
FNDA:0,(anonymous_18)
FNDA:0,(anonymous_19)
FNDA:0,(anonymous_20)
FNDA:0,(anonymous_21)
FNDA:0,(anonymous_22)
FNDA:0,(anonymous_23)
FNDA:0,(anonymous_24)
FNDA:0,(anonymous_25)
FNDA:0,(anonymous_26)
FNDA:0,(anonymous_27)
FNDA:0,(anonymous_28)
FNDA:0,(anonymous_29)
FNDA:0,(anonymous_30)
FNDA:4,(anonymous_31)
FNDA:1,(anonymous_32)
FNDA:0,(anonymous_33)
FNDA:1,(anonymous_34)
FNDA:1,(anonymous_35)
FNDA:1,(anonymous_36)
FNDA:1,(anonymous_37)
FNDA:1,(anonymous_38)
FNDA:12,(anonymous_39)
FNDA:0,(anonymous_40)
FNDA:0,(anonymous_41)
FNDA:0,(anonymous_42)
FNDA:0,(anonymous_43)
FNDA:0,(anonymous_44)
FNDA:0,(anonymous_45)
DA:158,1
DA:159,1
DA:160,1
DA:162,1
DA:171,1
DA:358,0
DA:359,0
DA:361,0
DA:363,0
DA:364,0
DA:368,0
DA:371,0
DA:372,0
DA:374,0
DA:375,0
DA:379,0
DA:382,0
DA:384,0
DA:385,0
DA:386,0
DA:389,0
DA:392,0
DA:393,0
DA:394,0
DA:395,0
DA:396,0
DA:398,0
DA:399,0
DA:400,0
DA:404,0
DA:405,0
DA:408,0
DA:409,0
DA:413,0
DA:414,0
DA:418,0
DA:422,0
DA:428,0
DA:429,0
DA:430,0
DA:439,1
DA:440,0
DA:442,1
DA:443,0
DA:447,1
DA:448,0
DA:449,1
DA:450,0
DA:453,1
DA:454,0
DA:455,1
DA:456,0
DA:459,1
DA:460,0
DA:461,1
DA:462,0
DA:465,1
DA:466,0
DA:467,1
DA:468,0
DA:471,1
DA:472,0
DA:473,1
DA:474,0
DA:478,1
DA:479,1
DA:482,1
DA:483,0
DA:488,1
DA:489,1
DA:490,0
DA:491,0
DA:492,0
DA:493,0
DA:494,0
DA:496,0
DA:497,0
DA:501,1
DA:502,0
DA:503,1
DA:505,0
DA:506,0
DA:507,0
DA:508,0
DA:509,0
DA:511,0
DA:513,0
DA:514,0
DA:516,0
DA:518,0
DA:521,1
DA:522,0
DA:526,1
DA:527,0
DA:528,0
DA:530,0
DA:531,0
DA:532,0
DA:533,0
DA:534,0
DA:540,0
DA:541,0
DA:544,1
DA:545,0
DA:549,1
DA:555,1
DA:558,1
DA:559,3
DA:563,3
DA:564,1
DA:565,1
DA:566,3
DA:570,1
DA:571,3
DA:573,3
DA:574,0
DA:578,0
DA:579,0
DA:580,0
DA:581,0
DA:582,0
DA:583,0
DA:584,0
DA:585,0
DA:586,0
DA:592,0
DA:593,0
DA:594,0
DA:595,0
DA:596,0
DA:597,0
DA:598,0
DA:603,0
DA:604,0
DA:605,0
DA:606,0
DA:607,0
DA:611,0
DA:612,0
DA:613,0
DA:615,3
DA:617,0
DA:618,0
DA:623,1
DA:624,1
DA:625,3
DA:626,2
DA:631,1
DA:632,2
DA:633,0
DA:634,0
DA:635,0
DA:636,0
DA:639,0
DA:641,0
DA:642,0
DA:643,0
DA:644,0
DA:648,0
DA:651,0
DA:656,1
DA:657,0
DA:658,0
DA:662,1
DA:664,1
DA:668,1
DA:670,1
DA:671,1
DA:673,1
DA:674,1
DA:675,1
DA:676,1
DA:677,1
DA:679,1
DA:680,2
DA:681,2
DA:682,2
DA:684,2
DA:685,0
DA:691,0
DA:694,2
DA:697,1
DA:698,1
DA:704,1
DA:712,1
DA:713,1
DA:714,1
DA:724,1
DA:725,1
DA:726,1
DA:728,1
DA:729,5
DA:730,5
DA:731,4
DA:732,4
DA:735,1
DA:736,0
DA:739,1
DA:740,1
DA:741,2
DA:743,1
DA:744,1
DA:746,1
DA:748,0
DA:751,0
DA:754,1
DA:763,2
DA:778,6
DA:779,5
DA:786,1
DA:788,1
DA:790,1
DA:792,1
DA:793,3
DA:799,3
DA:800,3
DA:802,3
DA:805,3
DA:806,1
DA:807,1
DA:812,1
DA:819,1
DA:820,0
DA:830,0
DA:834,0
DA:835,0
DA:836,0
DA:844,0
DA:845,0
DA:848,0
DA:849,0
DA:850,0
DA:856,0
DA:859,0
DA:873,0
DA:899,0
DA:973,0
DA:974,0
DA:975,0
DA:976,0
DA:980,0
DA:981,0
DA:982,0
DA:986,0
DA:987,0
DA:988,0
DA:989,0
DA:992,0
DA:993,0
DA:995,0
DA:998,0
DA:999,0
DA:1001,0
DA:1002,0
DA:1003,0
DA:1004,0
DA:1005,0
DA:1006,0
DA:1007,0
DA:1012,0
DA:1013,0
DA:1014,0
DA:1015,0
DA:1016,0
DA:1017,0
DA:1018,0
DA:1024,0
DA:1025,0
DA:1026,0
DA:1027,0
DA:1028,0
DA:1029,0
DA:1030,0
DA:1033,0
DA:1034,0
DA:1041,0
DA:1042,0
DA:1043,0
DA:1044,0
DA:1045,0
DA:1046,0
DA:1048,0
DA:1054,0
DA:1055,0
DA:1057,0
DA:1058,0
DA:1059,0
DA:1061,0
DA:1062,0
DA:1063,0
DA:1065,0
DA:1068,0
DA:1069,0
DA:1070,0
DA:1076,0
DA:1077,0
DA:1078,0
DA:1082,0
DA:1083,0
DA:1085,0
DA:1089,0
DA:1090,0
DA:1096,0
DA:1097,0
DA:1098,0
DA:1105,4
DA:1106,4
DA:1109,4
DA:1110,1
DA:1113,4
DA:1115,1
DA:1116,0
DA:1119,1
DA:1120,1
DA:1121,1
DA:1122,1
DA:1123,0
DA:1125,1
DA:1128,3
DA:1129,1
DA:1131,3
DA:1132,1
DA:1134,3
DA:1135,1
DA:1137,3
DA:1138,1
DA:1140,3
DA:1141,1
DA:1147,1
DA:1149,1
DA:1152,1
DA:1153,1
DA:1158,0
DA:1159,0
DA:1162,0
DA:1163,0
DA:1165,0
DA:1167,0
DA:1172,0
DA:1173,0
DA:1174,0
DA:1176,0
DA:1180,1
DA:1181,1
DA:1182,1
DA:1184,0
DA:1188,1
DA:1189,1
DA:1190,1
DA:1192,0
DA:1196,1
DA:1197,1
DA:1198,0
DA:1200,1
DA:1201,0
DA:1203,1
DA:1204,0
DA:1206,1
DA:1207,0
DA:1209,1
DA:1213,1
DA:1214,1
DA:1215,0
DA:1217,1
DA:1218,0
DA:1220,1
DA:1221,0
DA:1223,1
DA:1227,1
DA:1228,1
DA:1229,0
DA:1231,1
DA:1232,1
DA:1233,0
DA:1235,1
DA:1239,12
DA:1240,12
DA:1241,12
DA:1255,0
DA:1256,0
DA:1257,0
DA:1260,0
DA:1261,0
DA:1262,0
DA:1263,0
DA:1264,0
DA:1265,0
DA:1266,0
DA:1268,0
DA:1273,0
DA:1274,0
DA:1276,0
DA:1277,0
DA:1280,0
DA:1281,0
DA:1283,0
DA:1284,0
DA:1286,0
DA:1287,0
DA:1291,0
DA:1292,0
DA:1293,0
DA:1294,0
DA:1299,0
DA:1300,0
DA:1301,0
DA:1302,0
DA:1303,0
DA:1306,0
DA:1317,0
DA:1319,0
DA:1326,0
DA:1342,0
DA:1343,0
DA:1347,0
DA:1350,0
DA:1351,0
DA:1353,0
DA:1356,0
DA:1357,0
DA:1358,0
DA:1359,0
DA:1363,0
DA:1371,0
DA:1374,0
DA:1375,0
DA:1377,0
DA:1380,0
DA:1382,0
DA:1388,0
DA:1389,0
DA:1392,0
DA:1393,0
DA:1394,0
DA:1395,0
DA:1401,0
LF:436
LH:150
BRDA:163,0,0,1
BRDA:163,0,1,1
BRDA:164,1,0,1
BRDA:164,1,1,1
BRDA:165,2,0,1
BRDA:165,2,1,1
BRDA:166,3,0,1
BRDA:166,3,1,1
BRDA:209,4,0,1
BRDA:209,4,1,1
BRDA:209,5,0,1
BRDA:209,5,1,1
BRDA:357,6,0,0
BRDA:361,7,0,0
BRDA:361,7,1,0
BRDA:384,8,0,0
BRDA:384,8,1,0
BRDA:384,9,0,0
BRDA:384,9,1,0
BRDA:389,10,0,0
BRDA:389,10,1,0
BRDA:392,11,0,0
BRDA:392,11,1,0
BRDA:394,12,0,0
BRDA:394,12,1,0
BRDA:398,13,0,0
BRDA:398,13,1,0
BRDA:408,14,0,0
BRDA:408,14,1,0
BRDA:413,15,0,0
BRDA:413,15,1,0
BRDA:428,16,0,0
BRDA:428,16,1,0
BRDA:439,17,0,0
BRDA:439,17,1,1
BRDA:440,18,0,0
BRDA:440,18,1,0
BRDA:442,19,0,0
BRDA:442,19,1,1
BRDA:443,20,0,0
BRDA:443,20,1,0
BRDA:447,21,0,0
BRDA:447,21,1,1
BRDA:449,22,0,0
BRDA:449,22,1,1
BRDA:453,23,0,0
BRDA:453,23,1,1
BRDA:455,24,0,0
BRDA:455,24,1,1
BRDA:459,25,0,0
BRDA:459,25,1,1
BRDA:461,26,0,0
BRDA:461,26,1,1
BRDA:465,27,0,0
BRDA:465,27,1,1
BRDA:467,28,0,0
BRDA:467,28,1,1
BRDA:471,29,0,0
BRDA:471,29,1,1
BRDA:473,30,0,0
BRDA:473,30,1,1
BRDA:482,31,0,0
BRDA:482,31,1,1
BRDA:489,32,0,0
BRDA:489,32,1,1
BRDA:490,33,0,0
BRDA:490,33,1,0
BRDA:491,34,0,0
BRDA:491,34,1,0
BRDA:493,35,0,0
BRDA:493,35,1,0
BRDA:494,36,0,0
BRDA:494,36,1,0
BRDA:494,36,2,0
BRDA:494,36,3,0
BRDA:496,37,0,0
BRDA:496,37,1,0
BRDA:501,38,0,0
BRDA:501,38,1,1
BRDA:503,39,0,0
BRDA:503,39,1,1
BRDA:505,40,0,0
BRDA:505,40,1,0
BRDA:507,41,0,0
BRDA:507,41,1,0
BRDA:508,42,0,0
BRDA:508,42,1,0
BRDA:508,43,0,0
BRDA:508,43,1,0
BRDA:509,44,0,0
BRDA:509,44,1,0
BRDA:509,44,2,0
BRDA:513,45,0,0
BRDA:513,45,1,0
BRDA:513,46,0,0
BRDA:513,46,1,0
BRDA:514,47,0,0
BRDA:514,47,1,0
BRDA:514,47,2,0
BRDA:518,48,0,0
BRDA:518,48,1,0
BRDA:521,49,0,0
BRDA:521,49,1,1
BRDA:521,50,0,1
BRDA:521,50,1,0
BRDA:526,51,0,0
BRDA:526,51,1,1
BRDA:530,52,0,0
BRDA:530,52,1,0
BRDA:530,53,0,0
BRDA:530,53,1,0
BRDA:530,53,2,0
BRDA:532,54,0,0
BRDA:532,54,1,0
BRDA:532,55,0,0
BRDA:532,55,1,0
BRDA:541,56,0,0
BRDA:541,56,1,0
BRDA:544,57,0,0
BRDA:544,57,1,1
BRDA:544,58,0,1
BRDA:544,58,1,0
BRDA:573,59,0,0
BRDA:573,59,1,3
BRDA:573,60,0,3
BRDA:573,60,1,2
BRDA:579,61,0,0
BRDA:579,61,1,0
BRDA:582,62,0,0
BRDA:582,62,1,0
BRDA:592,63,0,0
BRDA:592,63,1,0
BRDA:592,64,0,0
BRDA:592,64,1,0
BRDA:592,64,2,0
BRDA:595,65,0,0
BRDA:595,65,1,0
BRDA:603,66,0,0
BRDA:603,66,1,0
BRDA:603,67,0,0
BRDA:603,67,1,0
BRDA:611,68,0,0
BRDA:611,68,1,0
BRDA:615,69,0,0
BRDA:615,69,1,3
BRDA:615,70,0,3
BRDA:615,70,1,1
BRDA:625,71,0,2
BRDA:625,71,1,1
BRDA:626,72,0,2
BRDA:626,72,1,2
BRDA:632,73,0,0
BRDA:632,73,1,2
BRDA:639,74,0,0
BRDA:639,74,1,0
BRDA:641,75,0,0
BRDA:641,75,1,0
BRDA:642,76,0,0
BRDA:642,76,1,0
BRDA:656,77,0,0
BRDA:656,77,1,1
BRDA:656,78,0,1
BRDA:656,78,1,0
BRDA:668,79,0,0
BRDA:668,79,1,1
BRDA:670,80,0,1
BRDA:670,80,1,0
BRDA:671,81,0,0
BRDA:671,81,1,1
BRDA:684,82,0,0
BRDA:684,82,1,2
BRDA:699,83,0,1
BRDA:699,83,1,0
BRDA:699,83,2,0
BRDA:705,84,0,1
BRDA:705,84,1,0
BRDA:715,85,0,1
BRDA:715,85,1,0
BRDA:729,86,0,5
BRDA:729,86,1,1
BRDA:730,87,0,1
BRDA:730,87,1,4
BRDA:730,88,0,5
BRDA:730,88,1,4
BRDA:740,89,0,1
BRDA:740,89,1,0
BRDA:748,90,0,0
BRDA:748,90,1,0
BRDA:750,91,0,0
BRDA:750,91,1,0
BRDA:768,92,0,1
BRDA:768,92,1,1
BRDA:770,93,0,1
BRDA:770,93,1,1
BRDA:771,94,0,1
BRDA:771,94,1,1
BRDA:772,95,0,1
BRDA:772,95,1,1
BRDA:778,96,0,1
BRDA:778,96,1,5
BRDA:779,97,0,3
BRDA:779,97,1,2
BRDA:786,98,0,0
BRDA:786,98,1,1
BRDA:799,99,0,3
BRDA:799,99,1,2
BRDA:805,100,0,1
BRDA:805,100,1,2
BRDA:805,101,0,3
BRDA:805,101,1,1
BRDA:819,102,0,0
BRDA:819,102,1,1
BRDA:819,103,0,1
BRDA:819,103,1,0
BRDA:839,104,0,0
BRDA:839,104,1,0
BRDA:841,105,0,0
BRDA:841,105,1,0
BRDA:844,106,0,0
BRDA:844,106,1,0
BRDA:849,107,0,0
BRDA:849,107,1,0
BRDA:864,108,0,0
BRDA:864,108,1,0
BRDA:883,109,0,0
BRDA:883,109,1,0
BRDA:883,110,0,0
BRDA:883,110,1,0
BRDA:901,111,0,0
BRDA:901,111,1,0
BRDA:916,112,0,0
BRDA:916,112,1,0
BRDA:919,113,0,0
BRDA:919,113,1,0
BRDA:924,114,0,0
BRDA:924,114,1,0
BRDA:943,115,0,0
BRDA:943,115,1,0
BRDA:944,116,0,0
BRDA:944,116,1,0
BRDA:945,117,0,0
BRDA:945,117,1,0
BRDA:946,118,0,0
BRDA:946,118,1,0
BRDA:973,119,0,0
BRDA:973,119,1,0
BRDA:975,120,0,0
BRDA:975,120,1,0
BRDA:981,121,0,0
BRDA:981,121,1,0
BRDA:993,122,0,0
BRDA:993,122,1,0
BRDA:993,123,0,0
BRDA:993,123,1,0
BRDA:999,124,0,0
BRDA:999,124,1,0
BRDA:1003,125,0,0
BRDA:1003,125,1,0
BRDA:1012,126,0,0
BRDA:1012,126,1,0
BRDA:1012,127,0,0
BRDA:1012,127,1,0
BRDA:1015,128,0,0
BRDA:1015,128,1,0
BRDA:1024,129,0,0
BRDA:1024,129,1,0
BRDA:1026,130,0,0
BRDA:1026,130,1,0
BRDA:1026,131,0,0
BRDA:1026,131,1,0
BRDA:1041,132,0,0
BRDA:1041,132,1,0
BRDA:1043,133,0,0
BRDA:1043,133,1,0
BRDA:1045,134,0,0
BRDA:1045,134,1,0
BRDA:1058,135,0,0
BRDA:1058,135,1,0
BRDA:1058,136,0,0
BRDA:1058,136,1,0
BRDA:1059,137,0,0
BRDA:1059,137,1,0
BRDA:1059,138,0,0
BRDA:1059,138,1,0
BRDA:1063,139,0,0
BRDA:1063,139,1,0
BRDA:1069,140,0,0
BRDA:1069,140,1,0
BRDA:1070,141,0,0
BRDA:1070,141,1,0
BRDA:1072,142,0,0
BRDA:1072,142,1,0
BRDA:1076,143,0,0
BRDA:1076,143,1,0
BRDA:1076,144,0,0
BRDA:1076,144,1,0
BRDA:1082,145,0,0
BRDA:1082,145,1,0
BRDA:1089,146,0,0
BRDA:1089,146,1,0
BRDA:1097,147,0,0
BRDA:1097,147,1,0
BRDA:1097,148,0,0
BRDA:1097,148,1,0
BRDA:1105,149,0,4
BRDA:1105,149,1,0
BRDA:1106,150,0,4
BRDA:1106,150,1,4
BRDA:1109,151,0,1
BRDA:1109,151,1,3
BRDA:1113,152,0,1
BRDA:1113,152,1,3
BRDA:1115,153,0,0
BRDA:1115,153,1,1
BRDA:1115,154,0,1
BRDA:1115,154,1,1
BRDA:1122,155,0,0
BRDA:1122,155,1,1
BRDA:1122,156,0,1
BRDA:1122,156,1,1
BRDA:1128,157,0,1
BRDA:1128,157,1,2
BRDA:1128,158,0,3
BRDA:1128,158,1,2
BRDA:1131,159,0,1
BRDA:1131,159,1,2
BRDA:1131,160,0,3
BRDA:1131,160,1,2
BRDA:1132,161,0,1
BRDA:1132,161,1,0
BRDA:1134,162,0,1
BRDA:1134,162,1,2
BRDA:1134,163,0,3
BRDA:1134,163,1,2
BRDA:1137,164,0,1
BRDA:1137,164,1,2
BRDA:1137,165,0,3
BRDA:1137,165,1,2
BRDA:1140,166,0,1
BRDA:1140,166,1,2
BRDA:1140,167,0,3
BRDA:1140,167,1,2
BRDA:1147,168,0,0
BRDA:1147,168,1,1
BRDA:1153,169,0,1
BRDA:1153,169,1,0
BRDA:1159,170,0,0
BRDA:1159,170,1,0
BRDA:1165,171,0,0
BRDA:1165,171,1,0
BRDA:1165,172,0,0
BRDA:1165,172,1,0
BRDA:1173,173,0,0
BRDA:1173,173,1,0
BRDA:1173,174,0,0
BRDA:1173,174,1,0
BRDA:1181,175,0,1
BRDA:1181,175,1,0
BRDA:1181,176,0,1
BRDA:1181,176,1,1
BRDA:1189,177,0,1
BRDA:1189,177,1,0
BRDA:1197,178,0,0
BRDA:1197,178,1,1
BRDA:1200,179,0,0
BRDA:1200,179,1,1
BRDA:1203,180,0,0
BRDA:1203,180,1,1
BRDA:1206,181,0,0
BRDA:1206,181,1,1
BRDA:1214,182,0,0
BRDA:1214,182,1,1
BRDA:1217,183,0,0
BRDA:1217,183,1,1
BRDA:1220,184,0,0
BRDA:1220,184,1,1
BRDA:1228,185,0,0
BRDA:1228,185,1,1
BRDA:1232,186,0,0
BRDA:1232,186,1,1
BRDA:1239,187,0,0
BRDA:1239,187,1,12
BRDA:1242,188,0,12
BRDA:1242,188,1,12
BRDA:1242,188,2,12
BRDA:1242,188,3,12
BRDA:1242,188,4,12
BRDA:1242,188,5,12
BRDA:1263,189,0,0
BRDA:1263,189,1,0
BRDA:1264,190,0,0
BRDA:1264,190,1,0
BRDA:1264,191,0,0
BRDA:1264,191,1,0
BRDA:1266,192,0,0
BRDA:1266,192,1,0
BRDA:1268,193,0,0
BRDA:1268,193,1,0
BRDA:1270,194,0,0
BRDA:1270,194,1,0
BRDA:1273,195,0,0
BRDA:1273,195,1,0
BRDA:1274,196,0,0
BRDA:1274,196,1,0
BRDA:1276,197,0,0
BRDA:1276,197,1,0
BRDA:1276,198,0,0
BRDA:1276,198,1,0
BRDA:1277,199,0,0
BRDA:1277,199,1,0
BRDA:1277,200,0,0
BRDA:1277,200,1,0
BRDA:1280,201,0,0
BRDA:1280,201,1,0
BRDA:1283,202,0,0
BRDA:1283,202,1,0
BRDA:1286,203,0,0
BRDA:1286,203,1,0
BRDA:1291,204,0,0
BRDA:1291,204,1,0
BRDA:1293,205,0,0
BRDA:1293,205,1,0
BRDA:1299,206,0,0
BRDA:1299,206,1,0
BRDA:1300,207,0,0
BRDA:1300,207,1,0
BRDA:1302,208,0,0
BRDA:1302,208,1,0
BRDA:1302,209,0,0
BRDA:1302,209,1,0
BRDA:1356,210,0,0
BRDA:1356,210,1,0
BRDA:1358,211,0,0
BRDA:1358,211,1,0
BRDA:1377,212,0,0
BRDA:1377,212,1,0
BRDA:1377,213,0,0
BRDA:1377,213,1,0
BRDA:1388,214,0,0
BRDA:1388,214,1,0
BRDA:1392,215,0,0
BRDA:1392,215,1,0
BRDA:1394,216,0,0
BRDA:1394,216,1,0
BRF:444
BRH:137
end_of_record
TN:
SF:src/ai-agents/agents/StoryArchitect.ts
FN:250,(anonymous_0)
FN:263,(anonymous_1)
FN:269,(anonymous_2)
FN:274,(anonymous_3)
FN:275,(anonymous_4)
FN:278,(anonymous_5)
FN:292,(anonymous_6)
FN:295,(anonymous_7)
FN:300,(anonymous_8)
FN:304,(anonymous_9)
FN:312,(anonymous_10)
FN:354,(anonymous_11)
FN:494,(anonymous_12)
FN:513,(anonymous_13)
FN:640,(anonymous_14)
FN:647,(anonymous_15)
FN:664,(anonymous_16)
FN:670,(anonymous_17)
FN:741,(anonymous_18)
FN:744,(anonymous_19)
FN:793,(anonymous_20)
FN:795,(anonymous_21)
FN:798,(anonymous_22)
FN:799,(anonymous_23)
FN:1004,(anonymous_24)
FN:1025,(anonymous_25)
FN:1139,(anonymous_26)
FN:1141,(anonymous_27)
FN:1160,(anonymous_28)
FN:1167,(anonymous_29)
FN:1169,(anonymous_30)
FN:1181,(anonymous_31)
FN:1188,(anonymous_32)
FN:1197,(anonymous_33)
FN:1204,(anonymous_34)
FN:1210,(anonymous_35)
FN:1227,(anonymous_36)
FN:1244,(anonymous_37)
FN:1279,(anonymous_38)
FN:1292,(anonymous_39)
FN:1296,(anonymous_40)
FN:1296,(anonymous_41)
FN:1297,(anonymous_42)
FN:1312,(anonymous_43)
FN:1315,(anonymous_44)
FNF:45
FNH:3
FNDA:1,(anonymous_0)
FNDA:0,(anonymous_1)
FNDA:0,(anonymous_2)
FNDA:0,(anonymous_3)
FNDA:0,(anonymous_4)
FNDA:0,(anonymous_5)
FNDA:0,(anonymous_6)
FNDA:0,(anonymous_7)
FNDA:0,(anonymous_8)
FNDA:0,(anonymous_9)
FNDA:0,(anonymous_10)
FNDA:1,(anonymous_11)
FNDA:0,(anonymous_12)
FNDA:0,(anonymous_13)
FNDA:0,(anonymous_14)
FNDA:0,(anonymous_15)
FNDA:0,(anonymous_16)
FNDA:0,(anonymous_17)
FNDA:0,(anonymous_18)
FNDA:0,(anonymous_19)
FNDA:0,(anonymous_20)
FNDA:0,(anonymous_21)
FNDA:0,(anonymous_22)
FNDA:0,(anonymous_23)
FNDA:6,(anonymous_24)
FNDA:0,(anonymous_25)
FNDA:0,(anonymous_26)
FNDA:0,(anonymous_27)
FNDA:0,(anonymous_28)
FNDA:0,(anonymous_29)
FNDA:0,(anonymous_30)
FNDA:0,(anonymous_31)
FNDA:0,(anonymous_32)
FNDA:0,(anonymous_33)
FNDA:0,(anonymous_34)
FNDA:0,(anonymous_35)
FNDA:0,(anonymous_36)
FNDA:0,(anonymous_37)
FNDA:0,(anonymous_38)
FNDA:0,(anonymous_39)
FNDA:0,(anonymous_40)
FNDA:0,(anonymous_41)
FNDA:0,(anonymous_42)
FNDA:0,(anonymous_43)
FNDA:0,(anonymous_44)
DA:248,1
DA:251,1
DA:252,1
DA:255,1
DA:264,0
DA:265,0
DA:266,0
DA:270,0
DA:274,0
DA:275,0
DA:282,0
DA:283,0
DA:284,0
DA:286,0
DA:288,0
DA:292,0
DA:294,0
DA:295,0
DA:297,0
DA:301,0
DA:302,0
DA:304,0
DA:305,0
DA:306,0
DA:311,0
DA:312,0
DA:313,0
DA:314,0
DA:318,0
DA:319,0
DA:323,0
DA:324,0
DA:326,0
DA:327,0
DA:329,0
DA:330,0
DA:332,0
DA:333,0
DA:334,0
DA:335,0
DA:336,0
DA:337,0
DA:338,0
DA:340,0
DA:341,0
DA:344,0
DA:345,0
DA:349,0
DA:350,0
DA:355,1
DA:495,0
DA:496,0
DA:498,0
DA:500,0
DA:501,0
DA:505,0
DA:506,0
DA:507,0
DA:512,0
DA:513,0
DA:516,0
DA:524,0
DA:527,0
DA:529,0
DA:531,0
DA:534,0
DA:535,0
DA:537,0
DA:538,0
DA:542,0
DA:543,0
DA:546,0
DA:547,0
DA:548,0
DA:549,0
DA:551,0
DA:552,0
DA:553,0
DA:555,0
DA:556,0
DA:557,0
DA:558,0
DA:562,0
DA:563,0
DA:564,0
DA:565,0
DA:566,0
DA:569,0
DA:570,0
DA:573,0
DA:574,0
DA:576,0
DA:577,0
DA:579,0
DA:580,0
DA:582,0
DA:583,0
DA:585,0
DA:586,0
DA:588,0
DA:589,0
DA:591,0
DA:592,0
DA:596,0
DA:597,0
DA:598,0
DA:599,0
DA:603,0
DA:604,0
DA:605,0
DA:606,0
DA:610,0
DA:611,0
DA:612,0
DA:613,0
DA:617,0
DA:618,0
DA:622,0
DA:623,0
DA:624,0
DA:625,0
DA:626,0
DA:628,0
DA:629,0
DA:632,0
DA:633,0
DA:640,0
DA:642,0
DA:643,0
DA:644,0
DA:647,0
DA:648,0
DA:649,0
DA:651,0
DA:652,0
DA:656,0
DA:657,0
DA:658,0
DA:659,0
DA:663,0
DA:664,0
DA:665,0
DA:670,0
DA:671,0
DA:672,0
DA:673,0
DA:676,0
DA:677,0
DA:678,0
DA:679,0
DA:683,0
DA:684,0
DA:685,0
DA:686,0
DA:689,0
DA:690,0
DA:691,0
DA:692,0
DA:695,0
DA:696,0
DA:697,0
DA:698,0
DA:701,0
DA:702,0
DA:703,0
DA:704,0
DA:707,0
DA:708,0
DA:709,0
DA:710,0
DA:714,0
DA:715,0
DA:716,0
DA:720,0
DA:721,0
DA:723,0
DA:724,0
DA:726,0
DA:727,0
DA:731,0
DA:732,0
DA:741,0
DA:742,0
DA:743,0
DA:744,0
DA:746,0
DA:750,0
DA:751,0
DA:752,0
DA:753,0
DA:754,0
DA:757,0
DA:759,0
DA:765,0
DA:766,0
DA:768,0
DA:771,0
DA:775,0
DA:780,0
DA:781,0
DA:782,0
DA:783,0
DA:786,0
DA:794,0
DA:796,0
DA:798,0
DA:799,0
DA:802,0
DA:806,0
DA:1005,6
DA:1006,6
DA:1008,4
DA:1009,4
DA:1011,4
DA:1012,1
DA:1015,4
DA:1016,0
DA:1017,0
DA:1018,0
DA:1019,0
DA:1020,0
DA:1021,0
DA:1022,0
DA:1023,0
DA:1024,0
DA:1025,0
DA:1027,0
DA:1028,0
DA:1031,0
DA:1033,0
DA:1034,0
DA:1035,0
DA:1036,0
DA:1037,0
DA:1039,0
DA:1043,4
DA:1044,0
DA:1045,0
DA:1046,0
DA:1047,0
DA:1048,0
DA:1049,0
DA:1050,0
DA:1052,0
DA:1053,0
DA:1055,0
DA:1056,0
DA:1058,0
DA:1059,0
DA:1060,0
DA:1061,0
DA:1064,0
DA:1065,0
DA:1067,0
DA:1071,4
DA:1072,0
DA:1073,0
DA:1074,0
DA:1075,0
DA:1077,0
DA:1080,4
DA:1081,0
DA:1082,0
DA:1083,0
DA:1084,0
DA:1086,0
DA:1089,4
DA:1090,0
DA:1091,0
DA:1092,0
DA:1093,0
DA:1095,0
DA:1098,4
DA:1099,0
DA:1100,0
DA:1101,0
DA:1102,0
DA:1104,0
DA:1107,4
DA:1108,4
DA:1109,4
DA:1110,4
DA:1111,4
DA:1112,4
DA:1113,1
DA:1114,1
DA:1115,1
DA:1117,3
DA:1119,4
DA:1120,4
DA:1121,4
DA:1122,4
DA:1123,4
DA:1124,4
DA:1125,4
DA:1126,4
DA:1127,1
DA:1128,1
DA:1132,4
DA:1140,0
DA:1141,0
DA:1144,0
DA:1145,0
DA:1146,0
DA:1147,0
DA:1153,0
DA:1154,0
DA:1155,0
DA:1156,0
DA:1157,0
DA:1158,0
DA:1159,0
DA:1160,0
DA:1161,0
DA:1162,0
DA:1163,0
DA:1167,0
DA:1168,0
DA:1169,0
DA:1174,0
DA:1175,0
DA:1176,0
DA:1181,0
DA:1182,0
DA:1183,0
DA:1184,0
DA:1188,0
DA:1189,0
DA:1190,0
DA:1191,0
DA:1194,0
DA:1199,0
DA:1200,0
DA:1204,0
DA:1205,0
DA:1206,0
DA:1210,0
DA:1211,0
DA:1212,0
DA:1213,0
DA:1214,0
DA:1220,0
DA:1221,0
DA:1222,0
DA:1227,0
DA:1228,0
DA:1231,0
DA:1232,0
DA:1233,0
DA:1234,0
DA:1236,0
DA:1237,0
DA:1239,0
DA:1240,0
DA:1244,0
DA:1245,0
DA:1246,0
DA:1250,0
DA:1251,0
DA:1252,0
DA:1254,0
DA:1255,0
DA:1257,0
DA:1258,0
DA:1260,0
DA:1261,0
DA:1263,0
DA:1264,0
DA:1266,0
DA:1267,0
DA:1269,0
DA:1270,0
DA:1273,0
DA:1279,0
DA:1280,0
DA:1283,0
DA:1284,0
DA:1285,0
DA:1292,0
DA:1293,0
DA:1295,0
DA:1296,0
DA:1297,0
DA:1299,0
DA:1300,0
DA:1301,0
DA:1306,0
DA:1312,0
DA:1313,0
DA:1315,0
DA:1316,0
DA:1317,0
DA:1319,0
DA:1320,0
DA:1322,0
DA:1324,0
DA:1325,0
DA:1326,0
DA:1332,0
DA:1333,0
DA:1338,0
DA:1339,0
DA:1342,0
LF:403
LH:38
BRDA:256,0,0,1
BRDA:256,0,1,1
BRDA:257,1,0,1
BRDA:257,1,1,1
BRDA:258,2,0,1
BRDA:258,2,1,1
BRDA:264,3,0,0
BRDA:264,3,1,0
BRDA:264,4,0,0
BRDA:264,4,1,0
BRDA:265,5,0,0
BRDA:265,5,1,0
BRDA:265,6,0,0
BRDA:265,6,1,0
BRDA:266,7,0,0
BRDA:266,7,1,0
BRDA:270,8,0,0
BRDA:270,8,1,0
BRDA:282,9,0,0
BRDA:282,9,1,0
BRDA:282,10,0,0
BRDA:282,10,1,0
BRDA:283,11,0,0
BRDA:283,11,1,0
BRDA:284,12,0,0
BRDA:284,12,1,0
BRDA:286,13,0,0
BRDA:286,13,1,0
BRDA:301,14,0,0
BRDA:301,14,1,0
BRDA:302,15,0,0
BRDA:302,15,1,0
BRDA:304,16,0,0
BRDA:304,16,1,0
BRDA:305,17,0,0
BRDA:305,17,1,0
BRDA:313,18,0,0
BRDA:313,18,1,0
BRDA:318,19,0,0
BRDA:318,19,1,0
BRDA:323,20,0,0
BRDA:323,20,1,0
BRDA:326,21,0,0
BRDA:326,21,1,0
BRDA:326,22,0,0
BRDA:326,22,1,0
BRDA:329,23,0,0
BRDA:329,23,1,0
BRDA:329,24,0,0
BRDA:329,24,1,0
BRDA:332,25,0,0
BRDA:332,25,1,0
BRDA:333,26,0,0
BRDA:333,26,1,0
BRDA:335,27,0,0
BRDA:335,27,1,0
BRDA:336,28,0,0
BRDA:336,28,1,0
BRDA:340,29,0,0
BRDA:340,29,1,0
BRDA:344,30,0,0
BRDA:344,30,1,0
BRDA:494,31,0,0
BRDA:498,32,0,0
BRDA:498,32,1,0
BRDA:505,33,0,0
BRDA:505,33,1,0
BRDA:506,34,0,0
BRDA:506,34,1,0
BRDA:512,35,0,0
BRDA:512,35,1,0
BRDA:543,36,0,0
BRDA:543,36,1,0
BRDA:547,37,0,0
BRDA:547,37,1,0
BRDA:547,38,0,0
BRDA:547,38,1,0
BRDA:551,39,0,0
BRDA:551,39,1,0
BRDA:551,40,0,0
BRDA:551,40,1,0
BRDA:556,41,0,0
BRDA:556,41,1,0
BRDA:556,42,0,0
BRDA:556,42,1,0
BRDA:562,43,0,0
BRDA:562,43,1,0
BRDA:565,44,0,0
BRDA:565,44,1,0
BRDA:573,45,0,0
BRDA:573,45,1,0
BRDA:576,46,0,0
BRDA:576,46,1,0
BRDA:579,47,0,0
BRDA:579,47,1,0
BRDA:582,48,0,0
BRDA:582,48,1,0
BRDA:585,49,0,0
BRDA:585,49,1,0
BRDA:588,50,0,0
BRDA:588,50,1,0
BRDA:591,51,0,0
BRDA:591,51,1,0
BRDA:596,52,0,0
BRDA:596,52,1,0
BRDA:598,53,0,0
BRDA:598,53,1,0
BRDA:603,54,0,0
BRDA:603,54,1,0
BRDA:605,55,0,0
BRDA:605,55,1,0
BRDA:610,56,0,0
BRDA:610,56,1,0
BRDA:612,57,0,0
BRDA:612,57,1,0
BRDA:617,58,0,0
BRDA:617,58,1,0
BRDA:617,59,0,0
BRDA:617,59,1,0
BRDA:622,60,0,0
BRDA:622,60,1,0
BRDA:623,61,0,0
BRDA:623,61,1,0
BRDA:625,62,0,0
BRDA:625,62,1,0
BRDA:628,63,0,0
BRDA:628,63,1,0
BRDA:628,64,0,0
BRDA:628,64,1,0
BRDA:632,65,0,0
BRDA:632,65,1,0
BRDA:648,66,0,0
BRDA:648,66,1,0
BRDA:656,67,0,0
BRDA:656,67,1,0
BRDA:656,68,0,0
BRDA:656,68,1,0
BRDA:663,69,0,0
BRDA:663,69,1,0
BRDA:663,70,0,0
BRDA:663,70,1,0
BRDA:671,71,0,0
BRDA:671,71,1,0
BRDA:676,72,0,0
BRDA:676,72,1,0
BRDA:678,73,0,0
BRDA:678,73,1,0
BRDA:683,74,0,0
BRDA:683,74,1,0
BRDA:685,75,0,0
BRDA:685,75,1,0
BRDA:689,76,0,0
BRDA:689,76,1,0
BRDA:691,77,0,0
BRDA:691,77,1,0
BRDA:695,78,0,0
BRDA:695,78,1,0
BRDA:697,79,0,0
BRDA:697,79,1,0
BRDA:701,80,0,0
BRDA:701,80,1,0
BRDA:703,81,0,0
BRDA:703,81,1,0
BRDA:707,82,0,0
BRDA:707,82,1,0
BRDA:709,83,0,0
BRDA:709,83,1,0
BRDA:714,84,0,0
BRDA:714,84,1,0
BRDA:714,85,0,0
BRDA:714,85,1,0
BRDA:720,86,0,0
BRDA:720,86,1,0
BRDA:723,87,0,0
BRDA:723,87,1,0
BRDA:726,88,0,0
BRDA:726,88,1,0
BRDA:731,89,0,0
BRDA:731,89,1,0
BRDA:741,90,0,0
BRDA:741,90,1,0
BRDA:742,91,0,0
BRDA:742,91,1,0
BRDA:743,92,0,0
BRDA:743,92,1,0
BRDA:751,93,0,0
BRDA:751,93,1,0
BRDA:751,94,0,0
BRDA:751,94,1,0
BRDA:765,95,0,0
BRDA:765,95,1,0
BRDA:768,96,0,0
BRDA:768,96,1,0
BRDA:768,96,2,0
BRDA:771,97,0,0
BRDA:771,97,1,0
BRDA:771,97,2,0
BRDA:771,97,3,0
BRDA:775,98,0,0
BRDA:775,98,1,0
BRDA:775,98,2,0
BRDA:775,98,3,0
BRDA:780,99,0,0
BRDA:780,99,1,0
BRDA:780,100,0,0
BRDA:780,100,1,0
BRDA:780,100,2,0
BRDA:780,100,3,0
BRDA:796,101,0,0
BRDA:796,101,1,0
BRDA:802,102,0,0
BRDA:802,102,1,0
BRDA:802,103,0,0
BRDA:802,103,1,0
BRDA:826,104,0,0
BRDA:826,104,1,0
BRDA:831,105,0,0
BRDA:831,105,1,0
BRDA:843,106,0,0
BRDA:843,106,1,0
BRDA:1006,107,0,2
BRDA:1006,107,1,4
BRDA:1011,108,0,1
BRDA:1011,108,1,3
BRDA:1015,109,0,0
BRDA:1015,109,1,4
BRDA:1017,110,0,0
BRDA:1017,110,1,0
BRDA:1017,111,0,0
BRDA:1017,111,1,0
BRDA:1024,112,0,0
BRDA:1024,112,1,0
BRDA:1027,113,0,0
BRDA:1027,113,1,0
BRDA:1033,114,0,0
BRDA:1033,114,1,0
BRDA:1033,115,0,0
BRDA:1033,115,1,0
BRDA:1043,116,0,0
BRDA:1043,116,1,4
BRDA:1043,117,0,4
BRDA:1043,117,1,0
BRDA:1049,118,0,0
BRDA:1049,118,1,0
BRDA:1052,119,0,0
BRDA:1052,119,1,0
BRDA:1055,120,0,0
BRDA:1055,120,1,0
BRDA:1058,121,0,0
BRDA:1058,121,1,0
BRDA:1058,122,0,0
BRDA:1058,122,1,0
BRDA:1064,123,0,0
BRDA:1064,123,1,0
BRDA:1064,124,0,0
BRDA:1064,124,1,0
BRDA:1065,125,0,0
BRDA:1065,125,1,0
BRDA:1071,126,0,0
BRDA:1071,126,1,4
BRDA:1071,127,0,4
BRDA:1071,127,1,0
BRDA:1080,128,0,0
BRDA:1080,128,1,4
BRDA:1080,129,0,4
BRDA:1080,129,1,0
BRDA:1089,130,0,0
BRDA:1089,130,1,4
BRDA:1089,131,0,4
BRDA:1089,131,1,0
BRDA:1098,132,0,0
BRDA:1098,132,1,4
BRDA:1098,133,0,4
BRDA:1098,133,1,0
BRDA:1107,134,0,4
BRDA:1107,134,1,0
BRDA:1112,135,0,1
BRDA:1112,135,1,3
BRDA:1126,136,0,1
BRDA:1126,136,1,3
BRDA:1146,137,0,0
BRDA:1146,137,1,0
BRDA:1153,138,0,0
BRDA:1153,138,1,0
BRDA:1153,139,0,0
BRDA:1153,139,1,0
BRDA:1158,140,0,0
BRDA:1158,140,1,0
BRDA:1161,141,0,0
BRDA:1161,141,1,0
BRDA:1163,142,0,0
BRDA:1163,142,1,0
BRDA:1168,143,0,0
BRDA:1168,143,1,0
BRDA:1175,144,0,0
BRDA:1175,144,1,0
BRDA:1183,145,0,0
BRDA:1183,145,1,0
BRDA:1190,146,0,0
BRDA:1190,146,1,0
BRDA:1199,147,0,0
BRDA:1199,147,1,0
BRDA:1205,148,0,0
BRDA:1205,148,1,0
BRDA:1213,149,0,0
BRDA:1213,149,1,0
BRDA:1221,150,0,0
BRDA:1221,150,1,0
BRDA:1228,151,0,0
BRDA:1228,151,1,0
BRDA:1228,151,2,0
BRDA:1233,152,0,0
BRDA:1233,152,1,0
BRDA:1233,153,0,0
BRDA:1233,153,1,0
BRDA:1233,153,2,0
BRDA:1236,154,0,0
BRDA:1236,154,1,0
BRDA:1239,155,0,0
BRDA:1239,155,1,0
BRDA:1239,156,0,0
BRDA:1239,156,1,0
BRDA:1245,157,0,0
BRDA:1245,157,1,0
BRDA:1251,158,0,0
BRDA:1251,158,1,0
BRDA:1254,159,0,0
BRDA:1254,159,1,0
BRDA:1257,160,0,0
BRDA:1257,160,1,0
BRDA:1260,161,0,0
BRDA:1260,161,1,0
BRDA:1263,162,0,0
BRDA:1263,162,1,0
BRDA:1263,163,0,0
BRDA:1263,163,1,0
BRDA:1266,164,0,0
BRDA:1266,164,1,0
BRDA:1266,165,0,0
BRDA:1266,165,1,0
BRDA:1269,166,0,0
BRDA:1269,166,1,0
BRDA:1283,167,0,0
BRDA:1283,167,1,0
BRDA:1293,168,0,0
BRDA:1293,168,1,0
BRDA:1293,169,0,0
BRDA:1293,169,1,0
BRDA:1299,170,0,0
BRDA:1299,170,1,0
BRDA:1316,171,0,0
BRDA:1316,171,1,0
BRDA:1320,172,0,0
BRDA:1320,172,1,0
BRDA:1322,173,0,0
BRDA:1322,173,1,0
BRDA:1324,174,0,0
BRDA:1324,174,1,0
BRDA:1338,175,0,0
BRDA:1338,175,1,0
BRF:360
BRH:26
end_of_record
TN:
SF:src/ai-agents/config/artStylePresets.ts
FN:245,findPresetById
FN:247,(anonymous_1)
FN:250,findPresetByStyleName
FN:253,(anonymous_3)
FNF:4
FNH:0
FNDA:0,findPresetById
FNDA:0,(anonymous_1)
FNDA:0,findPresetByStyleName
FNDA:0,(anonymous_3)
DA:24,3
DA:246,0
DA:247,0
DA:251,0
DA:252,0
DA:253,0
DA:254,0
LF:7
LH:1
BRDA:246,0,0,0
BRDA:246,0,1,0
BRDA:251,1,0,0
BRDA:251,1,1,0
BRDA:254,2,0,0
BRDA:254,2,1,0
BRF:6
BRH:0
end_of_record
TN:
SF:src/ai-agents/config/buildPipelineConfig.ts
FN:49,getSelectedLlmApiKey
FN:57,getSelectedLlmModel
FN:61,getScopedLlmApiKey
FN:72,getScopedLlmModel
FN:79,normalizeImageProvider
FN:84,resolveStableDiffusionSettings
FN:103,buildPipelineConfig
FNF:7
FNH:7
FNDA:5,getSelectedLlmApiKey
FNDA:5,getSelectedLlmModel
FNDA:10,getScopedLlmApiKey
FNDA:10,getScopedLlmModel
FNDA:5,normalizeImageProvider
FNDA:5,resolveStableDiffusionSettings
FNDA:5,buildPipelineConfig
DA:50,5
DA:51,0
DA:54,5
DA:58,5
DA:65,10
DA:66,3
DA:69,7
DA:76,10
DA:80,5
DA:81,5
DA:88,5
DA:89,1
DA:90,5
DA:91,5
DA:92,5
DA:93,5
DA:94,5
DA:104,5
DA:105,5
DA:106,5
DA:107,5
DA:108,5
DA:109,5
DA:110,5
DA:112,5
LF:25
LH:24
BRDA:50,0,0,0
BRDA:50,0,1,5
BRDA:58,1,0,5
BRDA:58,1,1,0
BRDA:65,2,0,3
BRDA:65,2,1,7
BRDA:76,3,0,10
BRDA:76,3,1,8
BRDA:80,4,0,0
BRDA:80,4,1,5
BRDA:88,5,0,4
BRDA:88,5,1,1
BRDA:88,6,0,5
BRDA:88,6,1,4
BRDA:89,7,0,1
BRDA:89,7,1,0
BRDA:90,8,0,5
BRDA:90,8,1,0
BRDA:90,8,2,0
BRDA:90,8,3,0
BRDA:91,9,0,5
BRDA:91,9,1,1
BRDA:91,9,2,1
BRDA:91,9,3,1
BRDA:92,10,0,5
BRDA:92,10,1,0
BRDA:92,10,2,0
BRDA:92,10,3,0
BRDA:93,11,0,5
BRDA:93,11,1,1
BRDA:93,11,2,1
BRDA:96,12,0,5
BRDA:96,12,1,0
BRDA:97,13,0,5
BRDA:97,13,1,1
BRDA:98,14,0,5
BRDA:98,14,1,0
BRDA:106,15,0,5
BRDA:106,15,1,2
BRDA:108,16,0,5
BRDA:108,16,1,0
BRDA:110,17,0,5
BRDA:110,17,1,5
BRDA:110,18,0,3
BRDA:110,18,1,2
BRDA:157,19,0,5
BRDA:157,19,1,0
BRDA:163,20,0,5
BRDA:163,20,1,0
BRDA:164,21,0,5
BRDA:164,21,1,0
BRDA:169,22,0,0
BRDA:169,22,1,5
BRDA:183,23,0,5
BRDA:183,23,1,5
BRDA:184,24,0,5
BRDA:184,24,1,0
BRDA:185,25,0,5
BRDA:185,25,1,4
BRDA:186,26,0,5
BRDA:186,26,1,0
BRDA:187,27,0,1
BRDA:187,27,1,4
BRDA:189,28,0,3
BRDA:189,28,1,2
BRDA:190,29,0,5
BRDA:190,29,1,2
BRDA:190,29,2,2
BRDA:197,30,0,0
BRDA:197,30,1,5
BRDA:237,31,0,5
BRDA:237,31,1,5
BRDA:240,32,0,5
BRDA:240,32,1,5
BRDA:250,33,0,5
BRDA:250,33,1,1
BRF:76
BRH:56
end_of_record
TN:
SF:src/ai-agents/config/imageQaConfig.ts
FN:47,pickEnum
FN:61,resolveImageQaConfig
FN:92,resolveArtStylePresetProfile
FN:97,(anonymous_3)
FNF:4
FNH:3
FNDA:15,pickEnum
FNDA:5,resolveImageQaConfig
FNDA:5,resolveArtStylePresetProfile
FNDA:0,(anonymous_3)
DA:40,3
DA:48,15
DA:49,0
DA:50,0
DA:62,5
DA:67,5
DA:72,5
DA:77,5
DA:78,5
DA:79,5
DA:83,5
DA:95,5
DA:96,5
DA:97,0
DA:98,0
LF:15
LH:11
BRDA:48,0,0,15
BRDA:48,0,1,0
BRDA:50,1,0,0
BRDA:50,1,1,0
BRDA:61,2,0,5
BRDA:63,3,0,5
BRDA:63,3,1,5
BRDA:68,4,0,5
BRDA:68,4,1,5
BRDA:73,5,0,5
BRDA:73,5,1,5
BRDA:77,6,0,5
BRDA:77,6,1,5
BRDA:78,7,0,0
BRDA:78,7,1,5
BRDA:79,8,0,0
BRDA:79,8,1,5
BRDA:79,9,0,5
BRDA:79,9,1,0
BRDA:93,10,0,5
BRDA:95,11,0,5
BRDA:95,11,1,5
BRDA:95,11,2,5
BRDA:96,12,0,5
BRDA:96,12,1,0
BRF:25
BRH:18
end_of_record
TN:
SF:src/ai-agents/converters/encounterConverter.ts
FN:76,normalizeEncounterType
FN:88,inferEncounterStyle
FN:96,normalizeEncounterOutcome
FN:105,inferCostDomain
FN:119,inferCostSeverity
FN:131,inferCostBearer
FN:139,deriveEncounterCost
FN:179,convertLLMStoryletToRuntime
FN:202,(anonymous_8)
FN:212,(anonymous_9)
FN:228,convertEncounterStorylets
FN:241,(anonymous_11)
FN:281,convertOutcome
FN:337,convertEmbeddedChoice
FN:364,convertEncounterStructureToEncounter
FN:392,(anonymous_15)
FN:393,(anonymous_16)
FN:451,(anonymous_17)
FN:458,(anonymous_18)
FN:464,(anonymous_19)
FNF:20
FNH:15
FNDA:3,normalizeEncounterType
FNDA:3,inferEncounterStyle
FNDA:3,normalizeEncounterOutcome
FNDA:11,inferCostDomain
FNDA:11,inferCostSeverity
FNDA:11,inferCostBearer
FNDA:12,deriveEncounterCost
FNDA:8,convertLLMStoryletToRuntime
FNDA:8,(anonymous_8)
FNDA:0,(anonymous_9)
FNDA:3,convertEncounterStorylets
FNDA:12,(anonymous_11)
FNDA:3,convertOutcome
FNDA:0,convertEmbeddedChoice
FNDA:3,convertEncounterStructureToEncounter
FNDA:1,(anonymous_15)
FNDA:1,(anonymous_16)
FNDA:0,(anonymous_17)
FNDA:0,(anonymous_18)
FNDA:0,(anonymous_19)
DA:44,1
DA:60,1
DA:77,3
DA:78,3
DA:79,2
DA:81,1
DA:82,1
DA:83,1
DA:84,1
DA:85,1
DA:89,3
DA:90,3
DA:91,1
DA:93,2
DA:97,3
DA:98,2
DA:99,1
DA:100,1
DA:102,0
DA:106,11
DA:107,11
DA:108,7
DA:109,6
DA:110,6
DA:111,6
DA:112,6
DA:113,6
DA:114,6
DA:115,6
DA:116,6
DA:124,11
DA:125,7
DA:126,7
DA:127,7
DA:128,6
DA:132,11
DA:133,7
DA:134,6
DA:135,5
DA:136,5
DA:148,12
DA:149,12
DA:156,12
DA:157,1
DA:159,11
DA:160,11
DA:182,8
DA:184,8
DA:185,8
DA:192,8
DA:202,8
DA:212,0
DA:239,3
DA:241,3
DA:245,12
DA:246,8
DA:247,0
DA:248,0
DA:250,8
DA:251,0
DA:252,0
DA:254,8
DA:257,3
DA:264,3
DA:265,0
DA:266,0
DA:269,3
DA:286,3
DA:287,0
DA:295,3
DA:296,3
DA:298,3
DA:320,3
DA:321,0
DA:330,3
DA:338,0
DA:369,3
DA:370,3
DA:373,3
DA:382,3
DA:392,3
[...]
FN:296,applyUseBasedGrowth
FN:314,generateNarrativeText
FN:331,getSuccessNarrative
FN:374,getComplicatedNarrative
FN:417,getFailureNarrative
FN:432,getTrainingBoundedFailure
FN:467,getCeilingBoundedFailure
FN:502,getGenericFailureNarrative
FNF:23
FNH:21
FNDA:16,(anonymous_0)
FNDA:10,(anonymous_1)
FNDA:5,(anonymous_2)
FNDA:10,(anonymous_3)
FNDA:224,normalizeStatCheck
FNDA:429,computeEffectiveStat
FNDA:1284,(anonymous_6)
FNDA:3,computeSkillCeiling
FNDA:9,(anonymous_8)
FNDA:216,computeOverlap
FNDA:2,findWeakestContributor
FNDA:207,getDominantAttribute
FNDA:207,resolveStatCheck
FNDA:7,calculateSuccessChance
FNDA:5,computeEncounterWeights
FNDA:11,applyUseBasedGrowth
FNDA:207,generateNarrativeText
FNDA:175,getSuccessNarrative
FNDA:30,getComplicatedNarrative
FNDA:2,getFailureNarrative
FNDA:2,getTrainingBoundedFailure
FNDA:0,getCeilingBoundedFailure
FNDA:0,getGenericFailureNarrative
DA:44,6
DA:47,16
DA:48,10
DA:50,6
DA:55,10
DA:56,9
DA:57,8
DA:61,5
DA:65,10
DA:74,224
DA:75,218
DA:78,6
DA:79,1
DA:82,5
DA:83,4
DA:84,4
DA:87,1
DA:95,429
DA:96,429
DA:97,1
DA:100,428
DA:101,1284
DA:103,428
DA:104,429
DA:112,3
DA:113,3
DA:114,3
DA:115,9
DA:123,216
DA:124,216
DA:125,418
DA:127,216
DA:139,2
DA:141,2
DA:142,2
DA:143,2
DA:144,2
DA:145,2
DA:152,2
DA:160,207
DA:162,207
DA:163,407
DA:164,407
DA:165,407
DA:166,1221
DA:170,207
DA:171,207
DA:172,207
DA:173,1221
DA:175,207
DA:187,207
DA:188,207
DA:190,207
DA:191,207
DA:194,207
DA:195,6
DA:198,207
DA:199,207
DA:202,207
DA:203,175
DA:204,32
DA:205,30
DA:207,2
DA:211,207
DA:212,207
DA:213,0
DA:216,207
DA:217,6
DA:220,207
DA:224,207
DA:242,7
DA:243,7
DA:245,7
DA:246,7
DA:248,7
DA:260,5
DA:261,5
DA:262,5
DA:264,5
DA:265,1
DA:268,4
DA:270,4
DA:271,4
DA:274,4
DA:276,4
DA:278,4
DA:279,4
DA:280,4
DA:282,4
DA:283,0
DA:284,0
DA:285,0
DA:286,0
DA:289,4
DA:301,11
DA:302,11
DA:303,12
DA:304,12
DA:305,12
DA:319,207
DA:321,207
DA:323,175
DA:325,30
DA:327,2
DA:332,175
DA:370,175
DA:371,175
DA:375,30
DA:413,30
DA:414,30
DA:421,2
DA:422,2
DA:423,2
DA:424,0
DA:426,2
DA:429,0
DA:433,2
DA:463,2
DA:464,2
DA:468,0
DA:498,0
DA:499,0
DA:503,0
DA:541,0
DA:542,0
LF:125
LH:112
BRDA:47,0,0,10
BRDA:47,0,1,6
BRDA:55,1,0,1
BRDA:55,1,1,9
BRDA:56,2,0,1
BRDA:56,2,1,8
BRDA:74,3,0,218
BRDA:74,3,1,6
BRDA:74,4,0,224
BRDA:74,4,1,218
BRDA:78,5,0,1
BRDA:78,5,1,5
BRDA:82,6,0,4
BRDA:82,6,1,1
BRDA:83,7,0,4
BRDA:83,7,1,0
BRDA:96,8,0,1
BRDA:96,8,1,428
BRDA:97,9,0,1
BRDA:97,9,1,0
BRDA:101,10,0,1284
BRDA:101,10,1,0
BRDA:101,11,0,1284
BRDA:101,11,1,0
BRDA:103,12,0,428
BRDA:103,12,1,413
BRDA:113,13,0,0
BRDA:113,13,1,3
BRDA:115,14,0,9
BRDA:115,14,1,0
BRDA:115,15,0,9
BRDA:115,15,1,0
BRDA:143,16,0,2
BRDA:143,16,1,0
BRDA:164,17,0,0
BRDA:164,17,1,407
BRDA:166,18,0,1221
BRDA:166,18,1,1221
BRDA:166,19,0,1221
BRDA:166,19,1,0
BRDA:173,20,0,207
BRDA:173,20,1,1014
BRDA:194,21,0,6
BRDA:194,21,1,201
BRDA:202,22,0,175
BRDA:202,22,1,32
BRDA:204,23,0,30
BRDA:204,23,1,2
BRDA:212,24,0,0
BRDA:212,24,1,207
BRDA:212,25,0,207
BRDA:212,25,1,0
BRDA:216,26,0,6
BRDA:216,26,1,201
BRDA:220,27,0,2
BRDA:220,27,1,205
BRDA:258,28,0,5
BRDA:264,29,0,1
BRDA:264,29,1,4
BRDA:264,30,0,5
BRDA:264,30,1,1
BRDA:270,31,0,4
BRDA:270,31,1,0
BRDA:282,32,0,0
BRDA:282,32,1,4
BRDA:301,33,0,9
BRDA:301,33,1,2
BRDA:301,34,0,0
BRDA:301,34,1,2
BRDA:304,35,0,12
BRDA:304,35,1,0
BRDA:305,36,0,12
BRDA:305,36,1,11
BRDA:321,37,0,175
BRDA:321,37,1,30
BRDA:321,37,2,2
BRDA:370,38,0,175
BRDA:370,38,1,0
BRDA:413,39,0,30
BRDA:413,39,1,0
BRDA:421,40,0,2
BRDA:421,40,1,0
BRDA:423,41,0,0
BRDA:423,41,1,2
BRDA:463,42,0,2
BRDA:463,42,1,0
BRDA:498,43,0,0
BRDA:498,43,1,0
BRDA:541,44,0,0
BRDA:541,44,1,0
BRF:90
BRH:65
end_of_record
TN:
SF:src/engine/storyEngine.ts
FN:19,getResolutionTracker
FN:23,getUnresolvedTokenCount
FN:24,resetUnresolvedTokenCount
FN:27,debugLog
FN:37,isEncounterBeat
FN:104,formatSkillLabel
FN:106,(anonymous_6)
FN:109,buildLockedReason
FN:126,processBeat
FN:238,processEncounterChoices
FN:281,processChoices
FN:325,executeChoice
FN:379,findScene
FN:380,(anonymous_13)
FN:387,findSceneOrThrow
FN:390,(anonymous_15)
FN:398,findBeat
FN:399,(anonymous_17)
FN:406,findBeatOrThrow
FN:409,(anonymous_19)
FN:417,findChoice
FN:418,(anonymous_21)
FN:425,findChoiceOrThrow
FN:428,(anonymous_23)
FN:437,getNextEpisode
FN:441,(anonymous_25)
FN:451,isEpisodeUnlocked
FN:464,shouldSkipScene
FN:477,getFallbackScene
FN:520,getNextScene
FN:557,(anonymous_30)
FN:591,getSceneById
FN:624,getRelationshipDescription
FNF:33
FNH:14
FNDA:10,getResolutionTracker
FNDA:0,getUnresolvedTokenCount
FNDA:0,resetUnresolvedTokenCount
FNDA:4,debugLog
FNDA:1,isEncounterBeat
FNDA:1,formatSkillLabel
FNDA:0,(anonymous_6)
FNDA:1,buildLockedReason
FNDA:1,processBeat
FNDA:1,processEncounterChoices
FNDA:0,processChoices
FNDA:9,executeChoice
FNDA:6,findScene
FNDA:12,(anonymous_13)
FNDA:0,findSceneOrThrow
FNDA:0,(anonymous_15)
FNDA:0,findBeat
FNDA:0,(anonymous_17)
FNDA:0,findBeatOrThrow
FNDA:0,(anonymous_19)
FNDA:0,findChoice
FNDA:0,(anonymous_21)
FNDA:0,findChoiceOrThrow
FNDA:0,(anonymous_23)
FNDA:0,getNextEpisode
FNDA:0,(anonymous_25)
FNDA:0,isEpisodeUnlocked
FNDA:4,shouldSkipScene
FNDA:3,getFallbackScene
FNDA:2,getNextScene
FNDA:1,(anonymous_30)
FNDA:0,getSceneById
FNDA:0,getRelationshipDescription
DA:18,1
DA:19,10
DA:22,1
DA:23,0
DA:24,0
DA:25,1
DA:28,4
DA:29,0
DA:38,1
DA:105,1
DA:106,0
DA:110,1
DA:111,1
DA:114,0
DA:115,0
DA:116,0
DA:119,0
DA:132,1
DA:135,1
DA:137,1
DA:138,1
DA:143,1
DA:144,1
DA:146,0
DA:147,0
DA:148,0
DA:152,1
DA:153,0
DA:155,0
DA:156,0
DA:157,0
DA:158,0
DA:160,0
DA:164,0
DA:165,0
DA:168,0
DA:169,0
DA:174,1
DA:175,1
DA:179,1
DA:180,1
DA:181,1
DA:182,0
DA:183,0
DA:184,0
DA:188,1
DA:189,0
DA:190,0
DA:194,1
DA:201,1
DA:202,1
DA:204,0
DA:207,1
DA:210,1
DA:212,1
DA:213,1
DA:216,1
DA:217,1
DA:219,1
DA:243,1
DA:245,1
DA:246,2
DA:251,2
DA:252,1
DA:255,1
DA:275,1
DA:286,0
DA:288,0
DA:289,0
DA:294,0
DA:295,0
DA:298,0
DA:319,0
DA:330,9
DA:331,1
DA:338,8
DA:341,9
DA:342,6
DA:344,6
DA:347,6
DA:348,6
DA:352,6
DA:353,6
DA:354,6
DA:357,6
DA:359,1
DA:362,1
DA:366,8
DA:380,12
DA:388,0
DA:389,0
DA:390,0
DA:392,0
DA:399,0
DA:407,0
DA:408,0
DA:409,0
DA:411,0
DA:418,0
DA:426,0
DA:427,0
DA:428,0
DA:429,0
DA:431,0
DA:441,0
DA:442,0
DA:443,0
DA:445,0
DA:455,0
DA:456,0
DA:458,0
DA:468,4
DA:469,1
DA:471,3
DA:484,3
DA:485,1
DA:486,1
DA:488,2
DA:490,2
DA:491,2
DA:492,0
DA:495,2
DA:496,1
DA:500,1
DA:501,1
DA:504,0
DA:525,2
DA:526,2
DA:527,0
DA:531,2
DA:534,2
DA:535,2
DA:536,2
DA:537,0
DA:538,0
DA:541,2
DA:542,2
DA:543,0
DA:546,2
DA:547,2
DA:548,2
DA:549,2
DA:550,1
DA:557,1
DA:558,1
DA:559,0
DA:563,1
DA:564,2
DA:565,2
DA:566,2
DA:569,0
DA:570,0
DA:573,0
DA:574,0
DA:575,0
DA:576,0
DA:577,0
DA:582,1
DA:598,0
DA:599,0
DA:600,0
DA:602,0
DA:604,0
DA:605,0
DA:606,0
DA:610,0
DA:612,0
DA:613,0
DA:615,0
DA:618,0
DA:628,0
DA:660,0
DA:662,0
DA:663,0
DA:664,0
DA:665,0
DA:666,0
DA:669,0
DA:670,0
DA:671,0
DA:672,0
DA:673,0
DA:676,0
LF:183
LH:88
BRDA:28,0,0,0
BRDA:28,0,1,4
BRDA:38,1,0,1
BRDA:38,1,1,1
BRDA:105,2,0,1
BRDA:105,2,1,0
BRDA:110,3,0,1
BRDA:110,3,1,0
BRDA:115,4,0,0
BRDA:115,4,1,0
BRDA:137,5,0,1
BRDA:137,5,1,0
BRDA:143,6,0,1
BRDA:143,6,1,0
BRDA:144,7,0,1
BRDA:144,7,1,0
BRDA:147,8,0,0
BRDA:147,8,1,0
BRDA:148,9,0,0
BRDA:148,9,1,0
BRDA:152,10,0,0
BRDA:152,10,1,1
BRDA:152,11,0,1
BRDA:152,11,1,1
BRDA:155,12,0,0
BRDA:155,12,1,0
BRDA:156,13,0,0
BRDA:156,13,1,0
BRDA:158,14,0,0
BRDA:158,14,1,0
BRDA:160,15,0,0
BRDA:160,15,1,0
BRDA:160,15,2,0
BRDA:160,15,3,0
BRDA:164,16,0,0
BRDA:164,16,1,0
BRDA:168,17,0,0
BRDA:168,17,1,0
BRDA:168,18,0,0
BRDA:168,18,1,0
BRDA:174,19,0,0
BRDA:174,19,1,1
BRDA:181,20,0,0
BRDA:181,20,1,1
BRDA:181,21,0,1
BRDA:181,21,1,0
BRDA:188,22,0,0
BRDA:188,22,1,1
BRDA:188,23,0,1
BRDA:188,23,1,1
BRDA:194,24,0,0
BRDA:194,24,1,1
BRDA:194,25,0,1
BRDA:194,25,1,0
BRDA:201,26,0,1
BRDA:201,26,1,0
BRDA:202,27,0,1
BRDA:202,27,1,0
BRDA:204,28,0,0
BRDA:204,28,1,0
BRDA:216,29,0,1
BRDA:216,29,1,0
BRDA:217,30,0,0
BRDA:217,30,1,1
BRDA:223,31,0,0
BRDA:223,31,1,1
BRDA:229,32,0,0
BRDA:229,32,1,1
BRDA:230,33,0,0
BRDA:230,33,1,1
BRDA:246,34,0,2
BRDA:246,34,1,0
BRDA:251,35,0,1
BRDA:251,35,1,1
BRDA:251,36,0,2
BRDA:251,36,1,2
BRDA:259,37,0,1
BRDA:259,37,1,0
BRDA:263,38,0,0
BRDA:263,38,1,1
BRDA:267,39,0,2
BRDA:267,39,1,0
BRDA:269,40,0,2
BRDA:269,40,1,1
BRDA:270,41,0,2
BRDA:270,41,1,1
BRDA:289,42,0,0
BRDA:289,42,1,0
BRDA:294,43,0,0
BRDA:294,43,1,0
BRDA:294,44,0,0
BRDA:294,44,1,0
BRDA:302,45,0,0
BRDA:302,45,1,0
BRDA:306,46,0,0
BRDA:306,46,1,0
BRDA:312,47,0,0
BRDA:312,47,1,0
BRDA:313,48,0,0
BRDA:313,48,1,0
BRDA:314,49,0,0
BRDA:314,49,1,0
BRDA:315,50,0,0
BRDA:315,50,1,0
BRDA:315,51,0,0
BRDA:315,51,1,0
BRDA:330,52,0,1
BRDA:330,52,1,8
BRDA:330,53,0,9
BRDA:330,53,1,1
BRDA:338,54,0,8
BRDA:338,54,1,8
BRDA:341,55,0,6
BRDA:341,55,1,3
BRDA:357,56,0,1
BRDA:357,56,1,5
BRDA:359,57,0,1
BRDA:359,57,1,0
BRDA:360,58,0,0
BRDA:360,58,1,0
BRDA:389,59,0,0
BRDA:389,59,1,0
BRDA:408,60,0,0
BRDA:408,60,1,0
BRDA:427,61,0,0
BRDA:427,61,1,0
BRDA:428,62,0,0
BRDA:428,62,1,0
BRDA:442,63,0,0
BRDA:442,63,1,0
BRDA:442,64,0,0
BRDA:442,64,1,0
BRDA:455,65,0,0
BRDA:455,65,1,0
BRDA:468,66,0,1
BRDA:468,66,1,3
BRDA:484,67,0,1
BRDA:484,67,1,2
BRDA:491,68,0,0
BRDA:491,68,1,2
BRDA:495,69,0,1
BRDA:495,69,1,1
BRDA:500,70,0,1
BRDA:500,70,1,0
BRDA:526,71,0,0
BRDA:526,71,1,2
BRDA:534,72,0,2
BRDA:534,72,1,0
BRDA:534,73,0,2
BRDA:534,73,1,2
BRDA:536,74,0,0
BRDA:536,74,1,2
BRDA:542,75,0,0
BRDA:542,75,1,2
BRDA:542,76,0,2
BRDA:542,76,1,2
BRDA:546,77,0,2
BRDA:546,77,1,0
BRDA:549,78,0,1
BRDA:549,78,1,1
BRDA:558,79,0,0
BRDA:558,79,1,1
BRDA:565,80,0,2
BRDA:565,80,1,0
BRDA:569,81,0,0
BRDA:569,81,1,0
BRDA:573,82,0,0
BRDA:573,82,1,0
BRDA:576,83,0,0
BRDA:576,83,1,0
BRDA:595,84,0,0
BRDA:598,85,0,0
BRDA:598,85,1,0
BRDA:605,86,0,0
BRDA:605,86,1,0
BRDA:610,87,0,0
BRDA:610,87,1,0
BRDA:612,88,0,0
BRDA:612,88,1,0
BRDA:660,89,0,0
BRDA:660,89,1,0
BRDA:662,90,0,0
BRDA:662,90,1,0
BRDA:663,91,0,0
BRDA:663,91,1,0
BRDA:664,92,0,0
BRDA:664,92,1,0
BRDA:665,93,0,0
BRDA:665,93,1,0
BRDA:669,94,0,0
BRDA:669,94,1,0
BRDA:670,95,0,0
BRDA:670,95,1,0
BRDA:671,96,0,0
BRDA:671,96,1,0
BRDA:672,97,0,0
BRDA:672,97,1,0
BRF:197
BRH:70
end_of_record
TN:
SF:src/engine/templateProcessor.ts
FN:60,conjugateThirdPersonSingular
FN:78,(anonymous_1)
FN:79,(anonymous_2)
FN:80,(anonymous_3)
FN:81,(anonymous_4)
FN:89,computePlayerStateHash
FN:91,(anonymous_6)
FN:92,(anonymous_7)
FN:95,(anonymous_8)
FN:96,(anonymous_9)
FN:99,(anonymous_10)
FN:100,(anonymous_11)
FN:104,(anonymous_12)
FN:121,applyFilter
FN:132,processTemplate
FN:154,(anonymous_15)
FN:168,(anonymous_16)
FN:183,(anonymous_17)
FN:198,(anonymous_18)
FN:208,(anonymous_19)
FN:230,(anonymous_20)
FN:236,(anonymous_21)
FN:242,(anonymous_22)
FN:243,(anonymous_23)
FN:249,(anonymous_24)
FN:253,(anonymous_25)
FN:270,selectTextVariant
FN:294,processText
FN:310,getReconvergenceAcknowledgment
FN:326,createBranchVariants
FN:333,(anonymous_30)
FNF:31
FNH:5
FNDA:0,conjugateThirdPersonSingular
FNDA:0,(anonymous_1)
FNDA:0,(anonymous_2)
FNDA:0,(anonymous_3)
FNDA:0,(anonymous_4)
FNDA:5,computePlayerStateHash
FNDA:0,(anonymous_6)
FNDA:5,(anonymous_7)
FNDA:0,(anonymous_8)
FNDA:0,(anonymous_9)
FNDA:0,(anonymous_10)
FNDA:0,(anonymous_11)
FNDA:0,(anonymous_12)
FNDA:0,applyFilter
FNDA:5,processTemplate
FNDA:0,(anonymous_15)
FNDA:0,(anonymous_16)
FNDA:0,(anonymous_17)
FNDA:0,(anonymous_18)
FNDA:0,(anonymous_19)
FNDA:0,(anonymous_20)
FNDA:0,(anonymous_21)
FNDA:0,(anonymous_22)
FNDA:0,(anonymous_23)
FNDA:0,(anonymous_24)
FNDA:0,(anonymous_25)
FNDA:1,selectTextVariant
FNDA:1,processText
FNDA:0,getReconvergenceAcknowledgment
FNDA:0,createBranchVariants
FNDA:0,(anonymous_30)
DA:14,2
DA:48,2
DA:56,2
DA:61,0
DA:62,0
DA:64,0
DA:65,0
DA:66,0
DA:71,0
DA:72,0
DA:73,0
DA:77,2
DA:78,0
DA:79,0
DA:80,0
DA:81,0
DA:85,2
DA:86,2
DA:87,2
DA:90,5
DA:91,0
DA:92,5
DA:94,5
DA:95,0
DA:96,0
DA:98,5
DA:99,0
DA:100,0
DA:102,5
DA:103,5
DA:104,0
DA:107,5
DA:122,0
DA:123,0
DA:124,0
DA:125,0
DA:137,5
DA:140,5
DA:141,5
DA:142,3
DA:143,3
DA:147,5
DA:148,5
DA:149,5
DA:151,5
DA:154,5
DA:155,0
DA:156,0
DA:160,5
DA:161,5
DA:163,5
DA:164,40
DA:167,0
DA:168,0
DA:169,0
DA:170,0
DA:171,0
DA:173,0
DA:174,0
DA:176,0
DA:177,0
DA:179,0
DA:182,40
DA:183,40
DA:184,0
DA:185,0
DA:186,0
DA:188,0
DA:194,5
DA:195,5
DA:197,5
DA:198,5
DA:199,0
DA:203,5
DA:204,5
DA:206,5
DA:207,40
DA:208,40
DA:209,0
DA:210,0
DA:211,0
DA:213,0
DA:218,5
DA:219,5
DA:220,5
DA:221,20
DA:222,20
DA:229,5
DA:230,5
DA:231,0
DA:235,5
DA:236,5
DA:237,0
DA:241,5
DA:242,5
DA:243,0
DA:244,0
DA:249,5
DA:250,0
DA:253,5
DA:254,0
DA:258,5
DA:259,0
DA:260,0
DA:262,5
DA:264,5
DA:275,1
DA:276,1
DA:280,0
DA:282,0
DA:283,0
DA:288,0
DA:300,1
DA:301,1
DA:314,0
DA:315,0
DA:316,0
DA:319,0
DA:333,0
LF:119
LH:59
BRDA:62,0,0,0
BRDA:62,0,1,0
BRDA:62,1,0,0
BRDA:62,1,1,0
BRDA:62,1,2,0
BRDA:64,2,0,0
BRDA:64,2,1,0
BRDA:66,3,0,0
BRDA:66,3,1,0
BRDA:71,4,0,0
BRDA:71,4,1,0
BRDA:72,5,0,0
BRDA:72,5,1,0
BRDA:81,6,0,0
BRDA:81,6,1,0
BRDA:123,7,0,0
BRDA:123,7,1,0
BRDA:137,8,0,0
BRDA:137,8,1,5
BRDA:141,9,0,3
BRDA:141,9,1,2
BRDA:149,10,0,0
BRDA:149,10,1,5
BRDA:156,11,0,0
BRDA:156,11,1,0
BRDA:164,12,0,0
BRDA:164,12,1,40
BRDA:164,13,0,40
BRDA:164,13,1,5
BRDA:170,14,0,0
BRDA:170,14,1,0
BRDA:170,15,0,0
BRDA:170,15,1,0
BRDA:173,16,0,0
BRDA:173,16,1,0
BRDA:174,17,0,0
BRDA:174,17,1,0
BRDA:174,18,0,0
BRDA:174,18,1,0
BRDA:176,19,0,0
BRDA:176,19,1,0
BRDA:185,20,0,0
BRDA:185,20,1,0
BRDA:185,21,0,0
BRDA:185,21,1,0
BRDA:188,22,0,0
BRDA:188,22,1,0
BRDA:194,23,0,5
BRDA:194,23,1,0
BRDA:199,24,0,0
BRDA:199,24,1,0
BRDA:203,25,0,5
BRDA:203,25,1,0
BRDA:204,26,0,5
BRDA:204,26,1,0
BRDA:210,27,0,0
BRDA:210,27,1,0
BRDA:210,28,0,0
BRDA:210,28,1,0
BRDA:213,29,0,0
BRDA:213,29,1,0
BRDA:219,30,0,5
BRDA:219,30,1,0
BRDA:231,31,0,0
BRDA:231,31,1,0
BRDA:237,32,0,0
BRDA:237,32,1,0
BRDA:244,33,0,0
BRDA:244,33,1,0
BRDA:258,34,0,0
BRDA:258,34,1,5
BRDA:260,35,0,0
BRDA:260,35,1,0
BRDA:275,36,0,1
BRDA:275,36,1,0
BRDA:275,37,0,1
BRDA:275,37,1,0
BRDA:282,38,0,0
BRDA:282,38,1,0
BRDA:282,39,0,0
BRDA:282,39,1,0
BRDA:282,39,2,0
BRDA:315,40,0,0
BRDA:315,40,1,0
BRF:84
BRH:14
end_of_record
TN:
SF:src/services/storyLibrary.ts
FN:24,getProxyAssetBase
FN:28,normalizeAssetUrl
FN:44,normalizeEncounterLikeMedia
FN:47,(anonymous_3)
FN:67,normalizeStoryMediaUrls
FN:71,(anonymous_5)
FN:74,(anonymous_6)
FN:77,(anonymous_7)
FN:88,(anonymous_8)
FN:97,createStoryCatalogEntry
FN:111,(anonymous_10)
FN:122,fetchDeletedStoryIds
FN:145,fetchStoryCatalog
FN:155,(anonymous_13)
FN:167,(anonymous_14)
FN:178,(anonymous_15)
FN:181,(anonymous_16)
FN:186,(anonymous_17)
FN:193,(anonymous_18)
FN:198,fetchStoryByCatalogEntry
FN:202,(anonymous_20)
FN:225,(anonymous_21)
FNF:22
FNH:10
FNDA:11,getProxyAssetBase
FNDA:12,normalizeAssetUrl
FNDA:22,normalizeEncounterLikeMedia
FNDA:4,(anonymous_3)
FNDA:1,normalizeStoryMediaUrls
FNDA:1,(anonymous_5)
FNDA:1,(anonymous_6)
FNDA:1,(anonymous_7)
FNDA:0,(anonymous_8)
FNDA:1,createStoryCatalogEntry
FNDA:1,(anonymous_10)
FNDA:0,fetchDeletedStoryIds
FNDA:0,fetchStoryCatalog
FNDA:0,(anonymous_13)
FNDA:0,(anonymous_14)
FNDA:0,(anonymous_15)
FNDA:0,(anonymous_16)
FNDA:0,(anonymous_17)
FNDA:0,(anonymous_18)
FNDA:0,fetchStoryByCatalogEntry
FNDA:0,(anonymous_20)
FNDA:0,(anonymous_21)
DA:6,1
DA:25,11
DA:29,12
DA:30,11
DA:31,11
DA:32,0
DA:33,0
DA:35,0
DA:37,11
DA:38,11
DA:39,11
DA:41,0
DA:45,22
DA:46,22
DA:47,4
DA:50,22
DA:51,6
DA:54,16
DA:55,72
DA:56,5
DA:57,5
DA:59,67
DA:60,17
DA:64,16
DA:68,1
DA:71,1
DA:74,1
DA:77,1
DA:87,1
DA:88,1
DA:94,1
DA:101,1
DA:111,1
DA:123,0
DA:124,0
DA:125,0
DA:126,0
DA:127,0
DA:128,0
DA:131,0
DA:135,0
DA:136,0
DA:137,0
DA:138,0
DA:140,0
DA:141,0
DA:149,0
DA:150,0
DA:151,0
DA:152,0
DA:153,0
DA:154,0
DA:155,0
DA:167,0
DA:171,0
DA:172,0
DA:175,0
DA:176,0
DA:177,0
DA:178,0
DA:181,0
DA:186,0
DA:190,0
DA:191,0
DA:192,0
DA:193,0
DA:202,0
DA:203,0
DA:205,0
DA:206,0
DA:207,0
DA:208,0
DA:209,0
DA:212,0
DA:213,0
DA:216,0
DA:217,0
DA:218,0
DA:222,0
DA:223,0
DA:224,0
DA:225,0
DA:226,0
LF:83
LH:29
BRDA:29,0,0,1
BRDA:29,0,1,11
BRDA:30,1,0,0
BRDA:30,1,1,11
BRDA:31,2,0,0
BRDA:31,2,1,11
BRDA:32,3,0,0
BRDA:32,3,1,0
BRDA:32,4,0,0
BRDA:32,4,1,0
BRDA:38,5,0,11
BRDA:38,5,1,0
BRDA:38,6,0,11
BRDA:38,6,1,0
BRDA:45,7,0,0
BRDA:45,7,1,22
BRDA:45,8,0,22
BRDA:45,8,1,22
BRDA:46,9,0,6
BRDA:46,9,1,16
BRDA:50,10,0,6
BRDA:50,10,1,16
BRDA:55,11,0,5
BRDA:55,11,1,67
BRDA:55,12,0,72
BRDA:55,12,1,45
BRDA:59,13,0,17
BRDA:59,13,1,50
BRDA:59,14,0,67
BRDA:59,14,1,63
BRDA:82,15,0,1
BRDA:82,15,1,0
BRDA:87,16,0,1
BRDA:87,16,1,0
BRDA:99,17,0,1
BRDA:123,18,0,0
BRDA:123,18,1,0
BRDA:126,19,0,0
BRDA:126,19,1,0
BRDA:128,20,0,0
BRDA:128,20,1,0
BRDA:137,21,0,0
BRDA:137,21,1,0
BRDA:149,22,0,0
BRDA:149,22,1,0
BRDA:149,23,0,0
BRDA:149,23,1,0
BRDA:149,23,2,0
BRDA:151,24,0,0
BRDA:151,24,1,0
BRDA:153,25,0,0
BRDA:153,25,1,0
BRDA:160,26,0,0
BRDA:160,26,1,0
BRDA:163,27,0,0
BRDA:163,27,1,0
BRDA:171,28,0,0
BRDA:171,28,1,0
BRDA:175,29,0,0
BRDA:175,29,1,0
BRDA:181,30,0,0
BRDA:181,30,1,0
BRDA:191,31,0,0
BRDA:191,31,1,0
BRDA:200,32,0,0
BRDA:203,33,0,0
BRDA:203,33,1,0
BRDA:205,34,0,0
BRDA:205,34,1,0
BRDA:207,35,0,0
BRDA:207,35,1,0
BRDA:209,36,0,0
BRDA:209,36,1,0
BRDA:212,37,0,0
BRDA:212,37,1,0
BRDA:216,38,0,0
BRDA:216,38,1,0
BRDA:223,39,0,0
BRDA:223,39,1,0
BRDA:226,40,0,0
BRDA:226,40,1,0
BRF:81
BRH:24
end_of_record
TN:
SF:src/stores/createJobStore.ts
FN:43,(anonymous_0)
FN:46,createJobStore
FN:51,(anonymous_2)
FN:55,(anonymous_3)
FN:56,(anonymous_4)
FN:66,(anonymous_5)
FN:67,(anonymous_6)
FN:78,(anonymous_7)
FN:79,(anonymous_8)
FN:87,(anonymous_9)
FN:89,(anonymous_10)
FN:90,(anonymous_11)
FN:98,(anonymous_12)
FNF:13
FNH:12
FNDA:0,(anonymous_0)
FNDA:6,createJobStore
FNDA:6,(anonymous_2)
FNDA:6,(anonymous_3)
FNDA:6,(anonymous_4)
FNDA:3,(anonymous_5)
FNDA:3,(anonymous_6)
FNDA:1,(anonymous_7)
FNDA:1,(anonymous_8)
FNDA:1,(anonymous_9)
FNDA:1,(anonymous_10)
FNDA:1,(anonymous_11)
FNDA:2,(anonymous_12)
DA:43,1
DA:44,0
DA:49,6
DA:51,6
DA:56,6
DA:57,6
DA:58,6
DA:67,3
DA:68,3
DA:69,3
DA:70,2
DA:79,1
DA:80,1
DA:81,1
DA:82,1
DA:83,1
DA:84,1
DA:87,1
DA:90,1
DA:91,1
DA:92,1
DA:93,2
DA:95,1
DA:98,2
LF:24
LH:23
BRDA:49,0,0,6
BRDA:49,0,1,0
BRDA:69,1,0,1
BRDA:69,1,1,2
BRDA:80,2,0,0
BRDA:80,2,1,1
BRDA:83,3,0,1
BRDA:83,3,1,0
BRDA:93,4,0,1
BRDA:93,4,1,1
BRF:10
BRH:7
end_of_record
TN:
SF:src/types/choice.ts
FNF:0
FNH:0
LF:0
LH:0
BRF:0
BRH:0
end_of_record
TN:
SF:src/types/conditions.ts
FNF:0
FNH:0
LF:0
LH:0
BRF:0
BRH:0
end_of_record
TN:
SF:src/types/consequences.ts
FNF:0
FNH:0
LF:0
LH:0
BRF:0
BRH:0
end_of_record
TN:
SF:src/types/content.ts
FNF:0
FNH:0
LF:0
LH:0
BRF:0
BRH:0
end_of_record
TN:
SF:src/types/encounter.ts
FNF:0
FNH:0
LF:0
LH:0
BRF:0
BRH:0
end_of_record
TN:
SF:src/types/index.ts
FNF:0
FNH:0
LF:0
LH:0
BRF:0
BRH:0
end_of_record
TN:
SF:src/types/player.ts
FNF:0
FNH:0
DA:63,2
LF:1
LH:1
BRF:0
BRH:0
end_of_record
TN:
SF:src/types/story.ts
FNF:0
FNH:0
LF:0
LH:0
BRF:0
BRH:0
end_of_record
TN:
SF:src/utils/logger.ts
FN:30,resolveDefaultLevel
FN:49,setLogLevel
FN:53,getLogLevel
FN:57,shouldLog
FN:61,formatScope
FN:73,createLogger
FN:76,(anonymous_6)
FN:80,(anonymous_7)
FN:84,(anonymous_8)
FN:88,(anonymous_9)
FN:92,(anonymous_10)
FNF:11
FNH:3
FNDA:5,resolveDefaultLevel
FNDA:0,setLogLevel
FNDA:0,getLogLevel
FNDA:0,shouldLog
FNDA:10,formatScope
FNDA:10,createLogger
FNDA:0,(anonymous_6)
FNDA:0,(anonymous_7)
FNDA:0,(anonymous_8)
FNDA:0,(anonymous_9)
FNDA:0,(anonymous_10)
DA:22,5
DA:31,5
DA:39,5
DA:40,0
DA:43,5
DA:44,5
DA:47,5
DA:50,0
DA:54,0
DA:58,0
DA:62,10
DA:74,10
DA:75,10
DA:77,0
DA:78,0
DA:81,0
DA:82,0
DA:85,0
DA:86,0
DA:89,0
DA:90,0
DA:93,0
DA:97,5
LF:23
LH:10
BRDA:32,0,0,5
BRDA:32,0,1,5
BRDA:32,0,2,5
BRDA:32,0,3,5
BRDA:32,0,4,5
BRDA:39,1,0,0
BRDA:39,1,1,5
BRDA:39,2,0,5
BRDA:39,2,1,0
BRDA:43,3,0,5
BRDA:43,3,1,5
BRDA:44,4,0,0
BRDA:44,4,1,5
BRDA:62,5,0,5
BRDA:62,5,1,5
BRDA:77,6,0,0
BRDA:77,6,1,0
BRDA:81,7,0,0
BRDA:81,7,1,0
BRDA:85,8,0,0
BRDA:85,8,1,0
BRDA:89,9,0,0
BRDA:89,9,1,0
BRDA:93,10,0,0
BRDA:93,10,1,0
BRF:25
BRH:12
end_of_record
TN:
SF:src/utils/runtimeEnv.ts
FN:3,getRuntimeOs
FN:13,isWebRuntime
FN:17,isNativeRuntime
FNF:3
FNH:3
FNDA:20,getRuntimeOs
FNDA:18,isWebRuntime
FNDA:2,isNativeRuntime
DA:4,20
DA:5,0
DA:7,20
DA:8,0
DA:10,20
DA:14,18
DA:18,2
LF:7
LH:5
BRDA:4,0,0,0
BRDA:4,0,1,20
BRDA:4,1,0,20
BRDA:4,1,1,20
BRDA:7,2,0,0
BRDA:7,2,1,20
BRF:6
BRH:4
end_of_record
